<testsuites id="" name="" tests="192" failures="82" skipped="3" errors="0" time="1659.053002">
<testsuite name="case\addCaseDocument.spec.js" timestamp="2026-02-19T11:26:43.888Z" hostname="chromium" tests="1" failures="1" skipped="0" time="14.74" errors="0">
<testcase name="Add Case Document" classname="case\addCaseDocument.spec.js" time="14.74">
<failure message="addCaseDocument.spec.js:13:1 Add Case Document" type="FAILURE">
<![CDATA[  [chromium] › case\addCaseDocument.spec.js:13:1 › Add Case Document ───────────────────────────────

    TypeError: DocumentUploadComponent is not a constructor

      15 |     const caseTabs = new CaseTabs(page);
      16 |     const caseDocsSection = new CaseDocsSection(page);
    > 17 |     const documentUpload = new DocumentUploadComponent(page);
         |                            ^
      18 |     await menu.searchForCase(caseData.caseNo);
      19 |     await caseTabs.open('documents');
      20 |     await caseDocsSection.openAddDocsForm();
        at D:\Aeliuscase-Smoke-Automation\Aeliuscase-Smoke-Automation\tests\case\addCaseDocument.spec.js:17:28

    attachment #1: screenshot (image/png) ──────────────────────────────────────────────────────────
    ..\test-results\case-addCaseDocument-Add-Case-Document-chromium\test-failed-1.png
    ────────────────────────────────────────────────────────────────────────────────────────────────

    attachment #2: video (video/webm) ──────────────────────────────────────────────────────────────
    ..\test-results\case-addCaseDocument-Add-Case-Document-chromium\video.webm
    ────────────────────────────────────────────────────────────────────────────────────────────────

    Error Context: ..\test-results\case-addCaseDocument-Add-Case-Document-chromium\error-context.md
]]>
</failure>
<system-out>
<![CDATA[
[[ATTACHMENT|test-results\case-addCaseDocument-Add-Case-Document-chromium\test-failed-1.png]]

[[ATTACHMENT|test-results\case-addCaseDocument-Add-Case-Document-chromium\video.webm]]

[[ATTACHMENT|test-results\case-addCaseDocument-Add-Case-Document-chromium\error-context.md]]
]]>
</system-out>
</testcase>
</testsuite>
<testsuite name="case\addInjury.spec.js" timestamp="2026-02-19T11:26:43.888Z" hostname="chromium" tests="1" failures="0" skipped="0" time="28.931" errors="0">
<testcase name="Add Injury › Add Injury @smoke" classname="case\addInjury.spec.js" time="28.931">
</testcase>
</testsuite>
<testsuite name="case\CaseDashboardTileNavigation.spec.js" timestamp="2026-02-19T11:26:43.888Z" hostname="chromium" tests="3" failures="0" skipped="0" time="66.804" errors="0">
<testcase name="Firm Dashboard Tile Navigation › Navigate to Case Task List @smoke" classname="case\CaseDashboardTileNavigation.spec.js" time="21.643">
</testcase>
<testcase name="Firm Dashboard Tile Navigation › Navigate to Case Event List @smoke" classname="case\CaseDashboardTileNavigation.spec.js" time="23.255">
</testcase>
<testcase name="Firm Dashboard Tile Navigation › Navigate to Case Note List @smoke" classname="case\CaseDashboardTileNavigation.spec.js" time="21.906">
</testcase>
</testsuite>
<testsuite name="case\docs\deleteCaseDocs.spec.js" timestamp="2026-02-19T11:26:43.888Z" hostname="chromium" tests="1" failures="0" skipped="0" time="25.267" errors="0">
<testcase name="Delete Document › Delete Case Document @smoke" classname="case\docs\deleteCaseDocs.spec.js" time="25.267">
</testcase>
</testsuite>
<testsuite name="case\docs\downloadCaseDocs.spec.js" timestamp="2026-02-19T11:26:43.888Z" hostname="chromium" tests="1" failures="0" skipped="0" time="26.295" errors="0">
<testcase name="Download Document › Download Case Document @smoke" classname="case\docs\downloadCaseDocs.spec.js" time="26.295">
</testcase>
</testsuite>
<testsuite name="case\docs\downloadCaseDocsAsZip.spec.js" timestamp="2026-02-19T11:26:43.888Z" hostname="chromium" tests="1" failures="0" skipped="0" time="24.505" errors="0">
<testcase name="Merge Document › Merge Case Document" classname="case\docs\downloadCaseDocsAsZip.spec.js" time="24.505">
</testcase>
</testsuite>
<testsuite name="case\docs\fillCaseDocInfo.spec.js" timestamp="2026-02-19T11:26:43.888Z" hostname="chromium" tests="1" failures="1" skipped="0" time="101.25" errors="0">
<testcase name="Fill Document Info › Fill case Document Info @smoke" classname="case\docs\fillCaseDocInfo.spec.js" time="101.25">
<failure message="fillCaseDocInfo.spec.js:14:5 Fill case Document Info @smoke" type="FAILURE">
<![CDATA[  [chromium] › case\docs\fillCaseDocInfo.spec.js:14:5 › Fill Document Info › Fill case Document Info @smoke 

    Test timeout of 100000ms exceeded.

    Error: locator.click: Test timeout of 100000ms exceeded.
    Call log:
      - waiting for locator('#pn_id_466 > .p-element.p-dropdown-label')


       at ..\pages\documents\components\fillDocumentInfo.component.js:22

      20 |             await this.CaseValue.click();
      21 |         }
    > 22 |         await this.docTypeDropdown.click();
         |                                    ^
      23 |         await this.docTypeValue.click();
      24 |         await this.docCategoryDropdown.click();
      25 |         await this.docCategoryValue.click();
        at FillDocumentInfoComponent.fillDocumentInfo (D:\Aeliuscase-Smoke-Automation\Aeliuscase-Smoke-Automation\pages\documents\components\fillDocumentInfo.component.js:22:36)
        at D:\Aeliuscase-Smoke-Automation\Aeliuscase-Smoke-Automation\tests\case\docs\fillCaseDocInfo.spec.js:21:41

    attachment #1: screenshot (image/png) ──────────────────────────────────────────────────────────
    ..\test-results\case-docs-fillCaseDocInfo--2ee40-ll-case-Document-Info-smoke-chromium\test-failed-1.png
    ────────────────────────────────────────────────────────────────────────────────────────────────

    attachment #2: video (video/webm) ──────────────────────────────────────────────────────────────
    ..\test-results\case-docs-fillCaseDocInfo--2ee40-ll-case-Document-Info-smoke-chromium\video.webm
    ────────────────────────────────────────────────────────────────────────────────────────────────

    Error Context: ..\test-results\case-docs-fillCaseDocInfo--2ee40-ll-case-Document-Info-smoke-chromium\error-context.md
]]>
</failure>
<system-out>
<![CDATA[
[[ATTACHMENT|test-results\case-docs-fillCaseDocInfo--2ee40-ll-case-Document-Info-smoke-chromium\test-failed-1.png]]

[[ATTACHMENT|test-results\case-docs-fillCaseDocInfo--2ee40-ll-case-Document-Info-smoke-chromium\video.webm]]

[[ATTACHMENT|test-results\case-docs-fillCaseDocInfo--2ee40-ll-case-Document-Info-smoke-chromium\error-context.md]]
]]>
</system-out>
</testcase>
</testsuite>
<testsuite name="case\docs\mergeCaseDocs.spec.js" timestamp="2026-02-19T11:26:43.888Z" hostname="chromium" tests="1" failures="1" skipped="0" time="101.087" errors="0">
<testcase name="Merge Document › Merge Case Document @smoke" classname="case\docs\mergeCaseDocs.spec.js" time="101.087">
<failure message="mergeCaseDocs.spec.js:14:5 Merge Case Document @smoke" type="FAILURE">
<![CDATA[  [chromium] › case\docs\mergeCaseDocs.spec.js:14:5 › Merge Document › Merge Case Document @smoke ──

    Test timeout of 100000ms exceeded.

    Error: locator.click: Test timeout of 100000ms exceeded.
    Call log:
      - waiting for getByText('Merge', { exact: true })
        - locator resolved to <button disabled pbutton="" pripple="" type="button" _ngcontent-ng-c4206002071="" class="p-element p-ripple p-button-raised p-button p-component">…</button>
      - attempting click action
        2 × waiting for element to be visible, enabled and stable
          - element is not enabled
        - retrying click action
        - waiting 20ms
        2 × waiting for element to be visible, enabled and stable
          - element is not enabled
        - retrying click action
          - waiting 100ms
        122 × waiting for element to be visible, enabled and stable
            - element is not enabled
          - retrying click action
            - waiting 500ms
        - waiting for element to be visible, enabled and stable


       at ..\pages\case\CaseDocsSection.js:30

      28 |     async mergeDocuments() {
      29 |         await this.mergeDocumentsBtn.click();
    > 30 |         await this.mergeBtn.click();
         |                             ^
      31 |     }
      32 |
      33 |     async downloadDocumentsAsZip() {
        at CaseDocsSection.mergeDocuments (D:\Aeliuscase-Smoke-Automation\Aeliuscase-Smoke-Automation\pages\case\CaseDocsSection.js:30:29)
        at D:\Aeliuscase-Smoke-Automation\Aeliuscase-Smoke-Automation\tests\case\docs\mergeCaseDocs.spec.js:21:9

    attachment #1: screenshot (image/png) ──────────────────────────────────────────────────────────
    ..\test-results\case-docs-mergeCaseDocs-Me-306a1-t-Merge-Case-Document-smoke-chromium\test-failed-1.png
    ────────────────────────────────────────────────────────────────────────────────────────────────

    attachment #2: video (video/webm) ──────────────────────────────────────────────────────────────
    ..\test-results\case-docs-mergeCaseDocs-Me-306a1-t-Merge-Case-Document-smoke-chromium\video.webm
    ────────────────────────────────────────────────────────────────────────────────────────────────

    Error Context: ..\test-results\case-docs-mergeCaseDocs-Me-306a1-t-Merge-Case-Document-smoke-chromium\error-context.md
]]>
</failure>
<system-out>
<![CDATA[
[[ATTACHMENT|test-results\case-docs-mergeCaseDocs-Me-306a1-t-Merge-Case-Document-smoke-chromium\test-failed-1.png]]

[[ATTACHMENT|test-results\case-docs-mergeCaseDocs-Me-306a1-t-Merge-Case-Document-smoke-chromium\video.webm]]

[[ATTACHMENT|test-results\case-docs-mergeCaseDocs-Me-306a1-t-Merge-Case-Document-smoke-chromium\error-context.md]]
]]>
</system-out>
</testcase>
</testsuite>
<testsuite name="case\docs\previewCaseDocs.spec.js" timestamp="2026-02-19T11:26:43.888Z" hostname="chromium" tests="1" failures="0" skipped="0" time="29.109" errors="0">
<testcase name="Preview Documents › Preview Case Document @smoke" classname="case\docs\previewCaseDocs.spec.js" time="29.109">
</testcase>
</testsuite>
<testsuite name="case\docs\saveAllCaseDocs.spec.js" timestamp="2026-02-19T11:26:43.888Z" hostname="chromium" tests="1" failures="0" skipped="0" time="23.668" errors="0">
<testcase name="Download Document › Download Case Document" classname="case\docs\saveAllCaseDocs.spec.js" time="23.668">
</testcase>
</testsuite>
<testsuite name="case\docs\uploadCaseDocs.spec.js" timestamp="2026-02-19T11:26:43.888Z" hostname="chromium" tests="1" failures="1" skipped="0" time="101.07" errors="0">
<testcase name="Upload Case Docs › Add Case Document @smoke" classname="case\docs\uploadCaseDocs.spec.js" time="101.07">
<failure message="uploadCaseDocs.spec.js:13:5 Add Case Document @smoke" type="FAILURE">
<![CDATA[  [chromium] › case\docs\uploadCaseDocs.spec.js:13:5 › Upload Case Docs › Add Case Document @smoke ─

    Test timeout of 100000ms exceeded.

    Error: locator.click: Test timeout of 100000ms exceeded.
    Call log:
      - waiting for getByRole('button', { name: 'Start Upload' })


       at ..\pages\documents\components\documentUpload.component.js:22

      20 |
      21 |     async startUpload() {
    > 22 |         await this.page.getByRole('button', { name: 'Start Upload' }).click();
         |                                                                       ^
      23 |     }
      24 |
      25 |     async scanDocument() {
        at DocumentUploadComponent.startUpload (D:\Aeliuscase-Smoke-Automation\Aeliuscase-Smoke-Automation\pages\documents\components\documentUpload.component.js:22:71)
        at D:\Aeliuscase-Smoke-Automation\Aeliuscase-Smoke-Automation\tests\case\docs\uploadCaseDocs.spec.js:22:30

    attachment #1: screenshot (image/png) ──────────────────────────────────────────────────────────
    ..\test-results\case-docs-uploadCaseDocs-U-d293e-ocs-Add-Case-Document-smoke-chromium\test-failed-1.png
    ────────────────────────────────────────────────────────────────────────────────────────────────

    attachment #2: video (video/webm) ──────────────────────────────────────────────────────────────
    ..\test-results\case-docs-uploadCaseDocs-U-d293e-ocs-Add-Case-Document-smoke-chromium\video.webm
    ────────────────────────────────────────────────────────────────────────────────────────────────

    Error Context: ..\test-results\case-docs-uploadCaseDocs-U-d293e-ocs-Add-Case-Document-smoke-chromium\error-context.md
]]>
</failure>
<system-out>
<![CDATA[
[[ATTACHMENT|test-results\case-docs-uploadCaseDocs-U-d293e-ocs-Add-Case-Document-smoke-chromium\test-failed-1.png]]

[[ATTACHMENT|test-results\case-docs-uploadCaseDocs-U-d293e-ocs-Add-Case-Document-smoke-chromium\video.webm]]

[[ATTACHMENT|test-results\case-docs-uploadCaseDocs-U-d293e-ocs-Add-Case-Document-smoke-chromium\error-context.md]]
]]>
</system-out>
</testcase>
</testsuite>
<testsuite name="case\notes\deleteNote.spec.js" timestamp="2026-02-19T11:26:43.888Z" hostname="chromium" tests="2" failures="0" skipped="0" time="43.021" errors="0">
<testcase name="Delete Note › Delete Note from Note List @smoke" classname="case\notes\deleteNote.spec.js" time="20.879">
</testcase>
<testcase name="Delete Note › Delete Note from Note Tile " classname="case\notes\deleteNote.spec.js" time="22.142">
</testcase>
</testsuite>
<testsuite name="case\notes\editNote.spec.js" timestamp="2026-02-19T11:26:43.888Z" hostname="chromium" tests="2" failures="0" skipped="0" time="46.375" errors="0">
<testcase name="Edit Note › Edit Note from Note List @smoke" classname="case\notes\editNote.spec.js" time="23.935">
</testcase>
<testcase name="Edit Note › Edit Note from Note Tile " classname="case\notes\editNote.spec.js" time="22.44">
</testcase>
</testsuite>
<testsuite name="case\notes\viewNote.spec.js" timestamp="2026-02-19T11:26:43.888Z" hostname="chromium" tests="2" failures="0" skipped="0" time="42.428" errors="0">
<testcase name="View Note › View Note @smoke" classname="case\notes\viewNote.spec.js" time="21.943">
</testcase>
<testcase name="View Note › View Note from Note Tile " classname="case\notes\viewNote.spec.js" time="20.485">
</testcase>
</testsuite>
<testsuite name="case\settlements\addSettlements.spec.js" timestamp="2026-02-19T11:26:43.888Z" hostname="chromium" tests="1" failures="1" skipped="0" time="112.249" errors="0">
<testcase name="Add Settlements › Add Settlements @smoke" classname="case\settlements\addSettlements.spec.js" time="112.249">
<failure message="addSettlements.spec.js:13:5 Add Settlements @smoke" type="FAILURE">
<![CDATA[  [chromium] › case\settlements\addSettlements.spec.js:13:5 › Add Settlements › Add Settlements @smoke 

    Test timeout of 100000ms exceeded.

    Error: locator.click: Test timeout of 100000ms exceeded.
    Call log:
      - waiting for locator(':text-is("Select a Negotiator")')


       at ..\pages\case\SettlementSection.js:45

      43 |
      44 |     async selectNegotiator() {
    > 45 |         await this.negotiatorDropdown.click();
         |                                       ^
      46 |         await this.negotiatorDropdownSelect.click();
      47 |     }
      48 |
        at SettlementSection.selectNegotiator (D:\Aeliuscase-Smoke-Automation\Aeliuscase-Smoke-Automation\pages\case\SettlementSection.js:45:39)
        at D:\Aeliuscase-Smoke-Automation\Aeliuscase-Smoke-Automation\tests\case\settlements\addSettlements.spec.js:21:33

    attachment #1: screenshot (image/png) ──────────────────────────────────────────────────────────
    ..\test-results\case-settlements-addSettle-ed10d-ments-Add-Settlements-smoke-chromium\test-failed-1.png
    ────────────────────────────────────────────────────────────────────────────────────────────────

    attachment #2: video (video/webm) ──────────────────────────────────────────────────────────────
    ..\test-results\case-settlements-addSettle-ed10d-ments-Add-Settlements-smoke-chromium\video.webm
    ────────────────────────────────────────────────────────────────────────────────────────────────

    Error Context: ..\test-results\case-settlements-addSettle-ed10d-ments-Add-Settlements-smoke-chromium\error-context.md
]]>
</failure>
<system-out>
<![CDATA[
[[ATTACHMENT|test-results\case-settlements-addSettle-ed10d-ments-Add-Settlements-smoke-chromium\test-failed-1.png]]

[[ATTACHMENT|test-results\case-settlements-addSettle-ed10d-ments-Add-Settlements-smoke-chromium\video.webm]]

[[ATTACHMENT|test-results\case-settlements-addSettle-ed10d-ments-Add-Settlements-smoke-chromium\error-context.md]]
]]>
</system-out>
</testcase>
</testsuite>
<testsuite name="case\settlements\deleteSettlements.spec.js" timestamp="2026-02-19T11:26:43.888Z" hostname="chromium" tests="1" failures="1" skipped="0" time="112.987" errors="0">
<testcase name="Delete Settlement › Delete Settlement @smoke" classname="case\settlements\deleteSettlements.spec.js" time="112.987">
<failure message="deleteSettlements.spec.js:13:5 Delete Settlement @smoke" type="FAILURE">
<![CDATA[  [chromium] › case\settlements\deleteSettlements.spec.js:13:5 › Delete Settlement › Delete Settlement @smoke 

    Test timeout of 100000ms exceeded.

    Error: locator.click: Test timeout of 100000ms exceeded.
    Call log:
      - waiting for locator('label.settlement-dollar-icon.has-settlement').first()


       at ..\pages\case\SettlementSection.js:35

      33 |
      34 |     async openHasSettlement() {
    > 35 |         await this.hasSettlementBtn.click();
         |                                     ^
      36 |     }
      37 |     async openNotHasSettlement() {
      38 |         await this.hasNoSettlementBtn.click();
        at SettlementSection.openHasSettlement (D:\Aeliuscase-Smoke-Automation\Aeliuscase-Smoke-Automation\pages\case\SettlementSection.js:35:37)
        at D:\Aeliuscase-Smoke-Automation\Aeliuscase-Smoke-Automation\tests\case\settlements\deleteSettlements.spec.js:19:33

    attachment #1: screenshot (image/png) ──────────────────────────────────────────────────────────
    ..\test-results\case-settlements-deleteSet-28b3f-ent-Delete-Settlement-smoke-chromium\test-failed-1.png
    ────────────────────────────────────────────────────────────────────────────────────────────────

    attachment #2: video (video/webm) ──────────────────────────────────────────────────────────────
    ..\test-results\case-settlements-deleteSet-28b3f-ent-Delete-Settlement-smoke-chromium\video.webm
    ────────────────────────────────────────────────────────────────────────────────────────────────

    Error Context: ..\test-results\case-settlements-deleteSet-28b3f-ent-Delete-Settlement-smoke-chromium\error-context.md
]]>
</failure>
<system-out>
<![CDATA[
[[ATTACHMENT|test-results\case-settlements-deleteSet-28b3f-ent-Delete-Settlement-smoke-chromium\test-failed-1.png]]

[[ATTACHMENT|test-results\case-settlements-deleteSet-28b3f-ent-Delete-Settlement-smoke-chromium\video.webm]]

[[ATTACHMENT|test-results\case-settlements-deleteSet-28b3f-ent-Delete-Settlement-smoke-chromium\error-context.md]]
]]>
</system-out>
</testcase>
</testsuite>
<testsuite name="case\settlements\editSettlements.spec.js" timestamp="2026-02-19T11:26:43.888Z" hostname="chromium" tests="1" failures="1" skipped="0" time="113.654" errors="0">
<testcase name="Edit Settlement › Edit Settlement @smoke" classname="case\settlements\editSettlements.spec.js" time="113.654">
<failure message="editSettlements.spec.js:13:5 Edit Settlement @smoke" type="FAILURE">
<![CDATA[  [chromium] › case\settlements\editSettlements.spec.js:13:5 › Edit Settlement › Edit Settlement @smoke 

    Test timeout of 100000ms exceeded.

    Error: locator.click: Test timeout of 100000ms exceeded.
    Call log:
      - waiting for locator('label.settlement-dollar-icon.has-settlement').first()


       at ..\pages\case\SettlementSection.js:35

      33 |
      34 |     async openHasSettlement() {
    > 35 |         await this.hasSettlementBtn.click();
         |                                     ^
      36 |     }
      37 |     async openNotHasSettlement() {
      38 |         await this.hasNoSettlementBtn.click();
        at SettlementSection.openHasSettlement (D:\Aeliuscase-Smoke-Automation\Aeliuscase-Smoke-Automation\pages\case\SettlementSection.js:35:37)
        at D:\Aeliuscase-Smoke-Automation\Aeliuscase-Smoke-Automation\tests\case\settlements\editSettlements.spec.js:19:33

    attachment #1: screenshot (image/png) ──────────────────────────────────────────────────────────
    ..\test-results\case-settlements-editSettl-2f145-ement-Edit-Settlement-smoke-chromium\test-failed-1.png
    ────────────────────────────────────────────────────────────────────────────────────────────────

    attachment #2: video (video/webm) ──────────────────────────────────────────────────────────────
    ..\test-results\case-settlements-editSettl-2f145-ement-Edit-Settlement-smoke-chromium\video.webm
    ────────────────────────────────────────────────────────────────────────────────────────────────

    Error Context: ..\test-results\case-settlements-editSettl-2f145-ement-Edit-Settlement-smoke-chromium\error-context.md
]]>
</failure>
<system-out>
<![CDATA[
[[ATTACHMENT|test-results\case-settlements-editSettl-2f145-ement-Edit-Settlement-smoke-chromium\test-failed-1.png]]

[[ATTACHMENT|test-results\case-settlements-editSettl-2f145-ement-Edit-Settlement-smoke-chromium\video.webm]]

[[ATTACHMENT|test-results\case-settlements-editSettl-2f145-ement-Edit-Settlement-smoke-chromium\error-context.md]]
]]>
</system-out>
</testcase>
</testsuite>
<testsuite name="case\settlements\fee\addNewBill.spec.js" timestamp="2026-02-19T11:26:43.888Z" hostname="chromium" tests="1" failures="1" skipped="0" time="101.597" errors="0">
<testcase name="Add Settlements › Add Settlements @smoke" classname="case\settlements\fee\addNewBill.spec.js" time="101.597">
<failure message="addNewBill.spec.js:14:5 Add Settlements @smoke" type="FAILURE">
<![CDATA[  [chromium] › case\settlements\fee\addNewBill.spec.js:14:5 › Add Settlements › Add Settlements @smoke 

    Test timeout of 100000ms exceeded.

    Error: locator.click: Test timeout of 100000ms exceeded.
    Call log:
      - waiting for locator('label.settlement-dollar-icon:not(.has-settlement)').first()
        - locator resolved to <label ptooltip="Settlement" tooltipposition="top" _ngcontent-ng-c820895640="" class="p-element pi pi-dollar font-bold settlement-dollar-icon"></label>
      - attempting click action
        - waiting for element to be visible, enabled and stable
      - element was detached from the DOM, retrying


       at ..\pages\case\SettlementSection.js:38

      36 |     }
      37 |     async openNotHasSettlement() {
    > 38 |         await this.hasNoSettlementBtn.click();
         |                                       ^
      39 |     }
      40 |     async addNewSettlement() {
      41 |         await this.addNewSettlementBtn.click();
        at SettlementSection.openNotHasSettlement (D:\Aeliuscase-Smoke-Automation\Aeliuscase-Smoke-Automation\pages\case\SettlementSection.js:38:39)
        at D:\Aeliuscase-Smoke-Automation\Aeliuscase-Smoke-Automation\tests\case\settlements\fee\addNewBill.spec.js:21:33

    attachment #1: screenshot (image/png) ──────────────────────────────────────────────────────────
    ..\test-results\case-settlements-fee-addNe-f5b7f-ments-Add-Settlements-smoke-chromium\test-failed-1.png
    ────────────────────────────────────────────────────────────────────────────────────────────────

    attachment #2: video (video/webm) ──────────────────────────────────────────────────────────────
    ..\test-results\case-settlements-fee-addNe-f5b7f-ments-Add-Settlements-smoke-chromium\video.webm
    ────────────────────────────────────────────────────────────────────────────────────────────────

    Error Context: ..\test-results\case-settlements-fee-addNe-f5b7f-ments-Add-Settlements-smoke-chromium\error-context.md
]]>
</failure>
<system-out>
<![CDATA[
[[ATTACHMENT|test-results\case-settlements-fee-addNe-f5b7f-ments-Add-Settlements-smoke-chromium\test-failed-1.png]]

[[ATTACHMENT|test-results\case-settlements-fee-addNe-f5b7f-ments-Add-Settlements-smoke-chromium\video.webm]]

[[ATTACHMENT|test-results\case-settlements-fee-addNe-f5b7f-ments-Add-Settlements-smoke-chromium\error-context.md]]
]]>
</system-out>
</testcase>
</testsuite>
<testsuite name="case\settlements\fee\addPaymentToBill.spec.js" timestamp="2026-02-19T11:26:43.888Z" hostname="chromium" tests="1" failures="1" skipped="0" time="116.483" errors="0">
<testcase name="Add Settlements › Add Settlements @smoke" classname="case\settlements\fee\addPaymentToBill.spec.js" time="116.483">
<failure message="addPaymentToBill.spec.js:14:5 Add Settlements @smoke" type="FAILURE">
<![CDATA[  [chromium] › case\settlements\fee\addPaymentToBill.spec.js:14:5 › Add Settlements › Add Settlements @smoke 

    Test timeout of 100000ms exceeded.

    Error: locator.scrollIntoViewIfNeeded: Test timeout of 100000ms exceeded.
    Call log:
      - waiting for locator('button[label="Add Payment"]')


       at ..\pages\case\FeeSection.js:99

       97 |
       98 |     async addPaymentToBill() {
    >  99 |         await this.addPaymentBtn.scrollIntoViewIfNeeded();
          |                                  ^
      100 |         await this.addPaymentBtn.click();
      101 |     }
      102 |     async enterPaymentAmount(amount) {
        at FeeSection.addPaymentToBill (D:\Aeliuscase-Smoke-Automation\Aeliuscase-Smoke-Automation\pages\case\FeeSection.js:99:34)
        at D:\Aeliuscase-Smoke-Automation\Aeliuscase-Smoke-Automation\tests\case\settlements\fee\addPaymentToBill.spec.js:23:26

    attachment #1: screenshot (image/png) ──────────────────────────────────────────────────────────
    ..\test-results\case-settlements-fee-addPa-9de9a-ments-Add-Settlements-smoke-chromium\test-failed-1.png
    ────────────────────────────────────────────────────────────────────────────────────────────────

    attachment #2: video (video/webm) ──────────────────────────────────────────────────────────────
    ..\test-results\case-settlements-fee-addPa-9de9a-ments-Add-Settlements-smoke-chromium\video.webm
    ────────────────────────────────────────────────────────────────────────────────────────────────

    Error Context: ..\test-results\case-settlements-fee-addPa-9de9a-ments-Add-Settlements-smoke-chromium\error-context.md
]]>
</failure>
<system-out>
<![CDATA[
[[ATTACHMENT|test-results\case-settlements-fee-addPa-9de9a-ments-Add-Settlements-smoke-chromium\test-failed-1.png]]

[[ATTACHMENT|test-results\case-settlements-fee-addPa-9de9a-ments-Add-Settlements-smoke-chromium\video.webm]]

[[ATTACHMENT|test-results\case-settlements-fee-addPa-9de9a-ments-Add-Settlements-smoke-chromium\error-context.md]]
]]>
</system-out>
</testcase>
</testsuite>
<testsuite name="case\settlements\fee\deletingAddedBill.spec.js" timestamp="2026-02-19T11:26:43.888Z" hostname="chromium" tests="1" failures="1" skipped="0" time="117.884" errors="0">
<testcase name="Add Settlements › Add Settlements @smoke" classname="case\settlements\fee\deletingAddedBill.spec.js" time="117.884">
<failure message="deletingAddedBill.spec.js:14:5 Add Settlements @smoke" type="FAILURE">
<![CDATA[  [chromium] › case\settlements\fee\deletingAddedBill.spec.js:14:5 › Add Settlements › Add Settlements @smoke 

    Test timeout of 100000ms exceeded.

    Error: locator.click: Test timeout of 100000ms exceeded.
    Call log:
      - waiting for locator('label.settlement-dollar-icon.has-settlement').first()


       at ..\pages\case\SettlementSection.js:35

      33 |
      34 |     async openHasSettlement() {
    > 35 |         await this.hasSettlementBtn.click();
         |                                     ^
      36 |     }
      37 |     async openNotHasSettlement() {
      38 |         await this.hasNoSettlementBtn.click();
        at SettlementSection.openHasSettlement (D:\Aeliuscase-Smoke-Automation\Aeliuscase-Smoke-Automation\pages\case\SettlementSection.js:35:37)
        at D:\Aeliuscase-Smoke-Automation\Aeliuscase-Smoke-Automation\tests\case\settlements\fee\deletingAddedBill.spec.js:22:33

    attachment #1: screenshot (image/png) ──────────────────────────────────────────────────────────
    ..\test-results\case-settlements-fee-delet-04d6e-ments-Add-Settlements-smoke-chromium\test-failed-1.png
    ────────────────────────────────────────────────────────────────────────────────────────────────

    attachment #2: video (video/webm) ──────────────────────────────────────────────────────────────
    ..\test-results\case-settlements-fee-delet-04d6e-ments-Add-Settlements-smoke-chromium\video.webm
    ────────────────────────────────────────────────────────────────────────────────────────────────

    Error Context: ..\test-results\case-settlements-fee-delet-04d6e-ments-Add-Settlements-smoke-chromium\error-context.md
]]>
</failure>
<system-out>
<![CDATA[
[[ATTACHMENT|test-results\case-settlements-fee-delet-04d6e-ments-Add-Settlements-smoke-chromium\test-failed-1.png]]

[[ATTACHMENT|test-results\case-settlements-fee-delet-04d6e-ments-Add-Settlements-smoke-chromium\video.webm]]

[[ATTACHMENT|test-results\case-settlements-fee-delet-04d6e-ments-Add-Settlements-smoke-chromium\error-context.md]]
]]>
</system-out>
</testcase>
</testsuite>
<testsuite name="case\settlements\fee\editingAddedBill.spec.js" timestamp="2026-02-19T11:26:43.888Z" hostname="chromium" tests="1" failures="1" skipped="0" time="112.861" errors="0">
<testcase name="Editing Added Bill › Editing Added Bill @smoke" classname="case\settlements\fee\editingAddedBill.spec.js" time="112.861">
<failure message="editingAddedBill.spec.js:14:5 Editing Added Bill @smoke" type="FAILURE">
<![CDATA[  [chromium] › case\settlements\fee\editingAddedBill.spec.js:14:5 › Editing Added Bill › Editing Added Bill @smoke 

    Test timeout of 100000ms exceeded.

    Error: locator.click: Test timeout of 100000ms exceeded.
    Call log:
      - waiting for locator('label.settlement-dollar-icon.has-settlement').first()


       at ..\pages\case\SettlementSection.js:35

      33 |
      34 |     async openHasSettlement() {
    > 35 |         await this.hasSettlementBtn.click();
         |                                     ^
      36 |     }
      37 |     async openNotHasSettlement() {
      38 |         await this.hasNoSettlementBtn.click();
        at SettlementSection.openHasSettlement (D:\Aeliuscase-Smoke-Automation\Aeliuscase-Smoke-Automation\pages\case\SettlementSection.js:35:37)
        at D:\Aeliuscase-Smoke-Automation\Aeliuscase-Smoke-Automation\tests\case\settlements\fee\editingAddedBill.spec.js:22:33

    attachment #1: screenshot (image/png) ──────────────────────────────────────────────────────────
    ..\test-results\case-settlements-fee-editi-4ae99-ll-Editing-Added-Bill-smoke-chromium\test-failed-1.png
    ────────────────────────────────────────────────────────────────────────────────────────────────

    attachment #2: video (video/webm) ──────────────────────────────────────────────────────────────
    ..\test-results\case-settlements-fee-editi-4ae99-ll-Editing-Added-Bill-smoke-chromium\video.webm
    ────────────────────────────────────────────────────────────────────────────────────────────────

    Error Context: ..\test-results\case-settlements-fee-editi-4ae99-ll-Editing-Added-Bill-smoke-chromium\error-context.md
]]>
</failure>
<system-out>
<![CDATA[
[[ATTACHMENT|test-results\case-settlements-fee-editi-4ae99-ll-Editing-Added-Bill-smoke-chromium\test-failed-1.png]]

[[ATTACHMENT|test-results\case-settlements-fee-editi-4ae99-ll-Editing-Added-Bill-smoke-chromium\video.webm]]

[[ATTACHMENT|test-results\case-settlements-fee-editi-4ae99-ll-Editing-Added-Bill-smoke-chromium\error-context.md]]
]]>
</system-out>
</testcase>
</testsuite>
<testsuite name="case\settlements\fee\viewingAddedBill.spec.js" timestamp="2026-02-19T11:26:43.888Z" hostname="chromium" tests="1" failures="1" skipped="0" time="114.489" errors="0">
<testcase name="Add Settlements › Add Settlements @smoke" classname="case\settlements\fee\viewingAddedBill.spec.js" time="114.489">
<failure message="viewingAddedBill.spec.js:14:5 Add Settlements @smoke" type="FAILURE">
<![CDATA[  [chromium] › case\settlements\fee\viewingAddedBill.spec.js:14:5 › Add Settlements › Add Settlements @smoke 

    Test timeout of 100000ms exceeded.

    Error: locator.scrollIntoViewIfNeeded: Test timeout of 100000ms exceeded.
    Call log:
      - waiting for locator('button:has(.pi-ellipsis-h)').first()


       at ..\pages\case\FeeSection.js:40

      38 |
      39 |     async viewFeesOption(){
    > 40 |         await this.viewFeesOptionBtn.scrollIntoViewIfNeeded();
         |                                      ^
      41 |         await this.viewFeesOptionBtn.click();
      42 |     }
      43 |
        at FeeSection.viewFeesOption (D:\Aeliuscase-Smoke-Automation\Aeliuscase-Smoke-Automation\pages\case\FeeSection.js:40:38)
        at D:\Aeliuscase-Smoke-Automation\Aeliuscase-Smoke-Automation\tests\case\settlements\fee\viewingAddedBill.spec.js:22:26

    attachment #1: screenshot (image/png) ──────────────────────────────────────────────────────────
    ..\test-results\case-settlements-fee-viewi-d82e5-ments-Add-Settlements-smoke-chromium\test-failed-1.png
    ────────────────────────────────────────────────────────────────────────────────────────────────

    attachment #2: video (video/webm) ──────────────────────────────────────────────────────────────
    ..\test-results\case-settlements-fee-viewi-d82e5-ments-Add-Settlements-smoke-chromium\video.webm
    ────────────────────────────────────────────────────────────────────────────────────────────────

    Error Context: ..\test-results\case-settlements-fee-viewi-d82e5-ments-Add-Settlements-smoke-chromium\error-context.md
]]>
</failure>
<system-out>
<![CDATA[
[[ATTACHMENT|test-results\case-settlements-fee-viewi-d82e5-ments-Add-Settlements-smoke-chromium\test-failed-1.png]]

[[ATTACHMENT|test-results\case-settlements-fee-viewi-d82e5-ments-Add-Settlements-smoke-chromium\video.webm]]

[[ATTACHMENT|test-results\case-settlements-fee-viewi-d82e5-ments-Add-Settlements-smoke-chromium\error-context.md]]
]]>
</system-out>
</testcase>
</testsuite>
<testsuite name="case\settlements\negotiation\addNewNegotiation.spec.js" timestamp="2026-02-19T11:26:43.888Z" hostname="chromium" tests="1" failures="1" skipped="0" time="60.996" errors="0">
<testcase name="Add New Negotiation › Add New Negotiation @smoke" classname="case\settlements\negotiation\addNewNegotiation.spec.js" time="60.996">
<failure message="addNewNegotiation.spec.js:15:5 Add New Negotiation @smoke" type="FAILURE">
<![CDATA[  [chromium] › case\settlements\negotiation\addNewNegotiation.spec.js:15:5 › Add New Negotiation › Add New Negotiation @smoke 

    Test timeout of 60000ms exceeded.

    Error: locator.click: Test timeout of 60000ms exceeded.
    Call log:
      - waiting for locator('label.settlement-dollar-icon:not(.has-settlement)').first()
        - locator resolved to <label ptooltip="Settlement" tooltipposition="top" _ngcontent-ng-c820895640="" class="p-element pi pi-dollar font-bold settlement-dollar-icon"></label>
      - attempting click action
        - waiting for element to be visible, enabled and stable
        - element is not stable
      - retrying click action
        - waiting for element to be visible, enabled and stable
      - element was detached from the DOM, retrying


       at ..\pages\case\SettlementSection.js:38

      36 |     }
      37 |     async openNotHasSettlement() {
    > 38 |         await this.hasNoSettlementBtn.click();
         |                                       ^
      39 |     }
      40 |     async addNewSettlement() {
      41 |         await this.addNewSettlementBtn.click();
        at SettlementSection.openNotHasSettlement (D:\Aeliuscase-Smoke-Automation\Aeliuscase-Smoke-Automation\pages\case\SettlementSection.js:38:39)
        at D:\Aeliuscase-Smoke-Automation\Aeliuscase-Smoke-Automation\tests\case\settlements\negotiation\addNewNegotiation.spec.js:22:33

    attachment #1: screenshot (image/png) ──────────────────────────────────────────────────────────
    ..\test-results\case-settlements-negotiati-b04cd-n-Add-New-Negotiation-smoke-chromium\test-failed-1.png
    ────────────────────────────────────────────────────────────────────────────────────────────────

    attachment #2: video (video/webm) ──────────────────────────────────────────────────────────────
    ..\test-results\case-settlements-negotiati-b04cd-n-Add-New-Negotiation-smoke-chromium\video.webm
    ────────────────────────────────────────────────────────────────────────────────────────────────

    Error Context: ..\test-results\case-settlements-negotiati-b04cd-n-Add-New-Negotiation-smoke-chromium\error-context.md
]]>
</failure>
<system-out>
<![CDATA[
[[ATTACHMENT|test-results\case-settlements-negotiati-b04cd-n-Add-New-Negotiation-smoke-chromium\test-failed-1.png]]

[[ATTACHMENT|test-results\case-settlements-negotiati-b04cd-n-Add-New-Negotiation-smoke-chromium\video.webm]]

[[ATTACHMENT|test-results\case-settlements-negotiati-b04cd-n-Add-New-Negotiation-smoke-chromium\error-context.md]]
]]>
</system-out>
</testcase>
</testsuite>
<testsuite name="case\settlements\negotiation\deleteNegotiation.spec.js" timestamp="2026-02-19T11:26:43.888Z" hostname="chromium" tests="1" failures="1" skipped="0" time="67.095" errors="0">
<testcase name="Delete Negotiation › Delete Negotiation @smoke" classname="case\settlements\negotiation\deleteNegotiation.spec.js" time="67.095">
<failure message="deleteNegotiation.spec.js:15:5 Delete Negotiation @smoke" type="FAILURE">
<![CDATA[  [chromium] › case\settlements\negotiation\deleteNegotiation.spec.js:15:5 › Delete Negotiation › Delete Negotiation @smoke 

    Test timeout of 60000ms exceeded.

    Error: locator.click: Test timeout of 60000ms exceeded.
    Call log:
      - waiting for locator('tbody tr:nth-child(1) td:nth-child(6) button:nth-child(1)')


       at ..\pages\case\NegotiationSection.js:49

      47 |     }
      48 |     async clickDeleteButton() {
    > 49 |         await this.deleteButton.click();
         |                                 ^
      50 |     }
      51 |     async clickDeleteConfirm() {
      52 |         await this.deleteConfirm.click();
        at NegotiationSection.clickDeleteButton (D:\Aeliuscase-Smoke-Automation\Aeliuscase-Smoke-Automation\pages\case\NegotiationSection.js:49:33)
        at D:\Aeliuscase-Smoke-Automation\Aeliuscase-Smoke-Automation\tests\case\settlements\negotiation\deleteNegotiation.spec.js:24:34

    attachment #1: screenshot (image/png) ──────────────────────────────────────────────────────────
    ..\test-results\case-settlements-negotiati-a1761-on-Delete-Negotiation-smoke-chromium\test-failed-1.png
    ────────────────────────────────────────────────────────────────────────────────────────────────

    attachment #2: video (video/webm) ──────────────────────────────────────────────────────────────
    ..\test-results\case-settlements-negotiati-a1761-on-Delete-Negotiation-smoke-chromium\video.webm
    ────────────────────────────────────────────────────────────────────────────────────────────────

    Error Context: ..\test-results\case-settlements-negotiati-a1761-on-Delete-Negotiation-smoke-chromium\error-context.md
]]>
</failure>
<system-out>
<![CDATA[
[[ATTACHMENT|test-results\case-settlements-negotiati-a1761-on-Delete-Negotiation-smoke-chromium\test-failed-1.png]]

[[ATTACHMENT|test-results\case-settlements-negotiati-a1761-on-Delete-Negotiation-smoke-chromium\video.webm]]

[[ATTACHMENT|test-results\case-settlements-negotiati-a1761-on-Delete-Negotiation-smoke-chromium\error-context.md]]
]]>
</system-out>
</testcase>
</testsuite>
<testsuite name="case\settlements\negotiation\searchNegotiation.spec.js" timestamp="2026-02-19T11:26:43.888Z" hostname="chromium" tests="1" failures="1" skipped="0" time="25.558" errors="0">
<testcase name="Verify user can search negotiation › Verify user can search negotiation" classname="case\settlements\negotiation\searchNegotiation.spec.js" time="25.558">
<failure message="searchNegotiation.spec.js:15:5 Verify user can search negotiation" type="FAILURE">
<![CDATA[  [chromium] › case\settlements\negotiation\searchNegotiation.spec.js:15:5 › Verify user can search negotiation › Verify user can search negotiation 

    Error: expect(locator).toBeVisible() failed

    Locator: getByText('Settlement', { exact: true }).first()
    Expected: visible
    Timeout: 5000ms
    Error: element(s) not found

    Call log:
      - Expect "toBeVisible" with timeout 5000ms
      - waiting for getByText('Settlement', { exact: true }).first()


       at ..\pages\case\NegotiationSection.js:61

      59 |     }
      60 |     async verifySearchBarFill() {
    > 61 |         await expect(this.resultItem).toBeVisible();
         |                                       ^
      62 |     }
      63 | }
      64 |
        at NegotiationSection.verifySearchBarFill (D:\Aeliuscase-Smoke-Automation\Aeliuscase-Smoke-Automation\pages\case\NegotiationSection.js:61:39)
        at D:\Aeliuscase-Smoke-Automation\Aeliuscase-Smoke-Automation\tests\case\settlements\negotiation\searchNegotiation.spec.js:25:34

    attachment #1: screenshot (image/png) ──────────────────────────────────────────────────────────
    ..\test-results\case-settlements-negotiati-0f83d-user-can-search-negotiation-chromium\test-failed-1.png
    ────────────────────────────────────────────────────────────────────────────────────────────────

    attachment #2: video (video/webm) ──────────────────────────────────────────────────────────────
    ..\test-results\case-settlements-negotiati-0f83d-user-can-search-negotiation-chromium\video.webm
    ────────────────────────────────────────────────────────────────────────────────────────────────

    Error Context: ..\test-results\case-settlements-negotiati-0f83d-user-can-search-negotiation-chromium\error-context.md
]]>
</failure>
<system-out>
<![CDATA[
[[ATTACHMENT|test-results\case-settlements-negotiati-0f83d-user-can-search-negotiation-chromium\test-failed-1.png]]

[[ATTACHMENT|test-results\case-settlements-negotiati-0f83d-user-can-search-negotiation-chromium\video.webm]]

[[ATTACHMENT|test-results\case-settlements-negotiati-0f83d-user-can-search-negotiation-chromium\error-context.md]]
]]>
</system-out>
</testcase>
</testsuite>
<testsuite name="case\settlements\negotiation\viewNegotiation .spec.js" timestamp="2026-02-19T11:26:43.888Z" hostname="chromium" tests="1" failures="1" skipped="0" time="71.481" errors="0">
<testcase name="Add New Negotiation › Add New Negotiation @smoke" classname="case\settlements\negotiation\viewNegotiation .spec.js" time="71.481">
<failure message="viewNegotiation .spec.js:15:5 Add New Negotiation @smoke" type="FAILURE">
<![CDATA[  [chromium] › case\settlements\negotiation\viewNegotiation .spec.js:15:5 › Add New Negotiation › Add New Negotiation @smoke 

    Test timeout of 60000ms exceeded.

    Error: locator.click: Test timeout of 60000ms exceeded.
    Call log:
      - waiting for locator('button[ptooltip="Options"][icon="pi pi-ellipsis-h"]')


       at ..\pages\case\NegotiationSection.js:40

      38 |
      39 |     async clickNegotiationOption() {
    > 40 |         await this.negotiationOption.click();
         |                                      ^
      41 |     }
      42 |     async clickViewNegotiation() {
      43 |         await this.viewNegotiation.click();
        at NegotiationSection.clickNegotiationOption (D:\Aeliuscase-Smoke-Automation\Aeliuscase-Smoke-Automation\pages\case\NegotiationSection.js:40:38)
        at D:\Aeliuscase-Smoke-Automation\Aeliuscase-Smoke-Automation\tests\case\settlements\negotiation\viewNegotiation .spec.js:24:34

    attachment #1: screenshot (image/png) ──────────────────────────────────────────────────────────
    ..\test-results\case-settlements-negotiati-9bd47-n-Add-New-Negotiation-smoke-chromium\test-failed-1.png
    ────────────────────────────────────────────────────────────────────────────────────────────────

    attachment #2: video (video/webm) ──────────────────────────────────────────────────────────────
    ..\test-results\case-settlements-negotiati-9bd47-n-Add-New-Negotiation-smoke-chromium\video.webm
    ────────────────────────────────────────────────────────────────────────────────────────────────

    Error Context: ..\test-results\case-settlements-negotiati-9bd47-n-Add-New-Negotiation-smoke-chromium\error-context.md
]]>
</failure>
<system-out>
<![CDATA[
[[ATTACHMENT|test-results\case-settlements-negotiati-9bd47-n-Add-New-Negotiation-smoke-chromium\test-failed-1.png]]

[[ATTACHMENT|test-results\case-settlements-negotiati-9bd47-n-Add-New-Negotiation-smoke-chromium\video.webm]]

[[ATTACHMENT|test-results\case-settlements-negotiati-9bd47-n-Add-New-Negotiation-smoke-chromium\error-context.md]]
]]>
</system-out>
</testcase>
</testsuite>
<testsuite name="case\settlements\pdRating\addNewPDRatings.spec.js" timestamp="2026-02-19T11:26:43.888Z" hostname="chromium" tests="1" failures="1" skipped="0" time="61.37" errors="0">
<testcase name="Add New PDRatings › Add New PDRatings" classname="case\settlements\pdRating\addNewPDRatings.spec.js" time="61.37">
<failure message="addNewPDRatings.spec.js:15:5 Add New PDRatings" type="FAILURE">
<![CDATA[  [chromium] › case\settlements\pdRating\addNewPDRatings.spec.js:15:5 › Add New PDRatings › Add New PDRatings 

    Test timeout of 60000ms exceeded.

    Error: locator.click: Test timeout of 60000ms exceeded.
    Call log:
      - waiting for locator('label.settlement-dollar-icon:not(.has-settlement)').first()
        - locator resolved to <label ptooltip="Settlement" tooltipposition="top" _ngcontent-ng-c820895640="" class="p-element pi pi-dollar font-bold settlement-dollar-icon"></label>
      - attempting click action
        - waiting for element to be visible, enabled and stable
        - element is not stable
      - retrying click action
        - waiting for element to be visible, enabled and stable
      - element was detached from the DOM, retrying


       at ..\pages\case\SettlementSection.js:38

      36 |     }
      37 |     async openNotHasSettlement() {
    > 38 |         await this.hasNoSettlementBtn.click();
         |                                       ^
      39 |     }
      40 |     async addNewSettlement() {
      41 |         await this.addNewSettlementBtn.click();
        at SettlementSection.openNotHasSettlement (D:\Aeliuscase-Smoke-Automation\Aeliuscase-Smoke-Automation\pages\case\SettlementSection.js:38:39)
        at D:\Aeliuscase-Smoke-Automation\Aeliuscase-Smoke-Automation\tests\case\settlements\pdRating\addNewPDRatings.spec.js:22:33

    attachment #1: screenshot (image/png) ──────────────────────────────────────────────────────────
    ..\test-results\case-settlements-pdRating--35a82-PDRatings-Add-New-PDRatings-chromium\test-failed-1.png
    ────────────────────────────────────────────────────────────────────────────────────────────────

    attachment #2: video (video/webm) ──────────────────────────────────────────────────────────────
    ..\test-results\case-settlements-pdRating--35a82-PDRatings-Add-New-PDRatings-chromium\video.webm
    ────────────────────────────────────────────────────────────────────────────────────────────────

    Error Context: ..\test-results\case-settlements-pdRating--35a82-PDRatings-Add-New-PDRatings-chromium\error-context.md
]]>
</failure>
<system-out>
<![CDATA[
[[ATTACHMENT|test-results\case-settlements-pdRating--35a82-PDRatings-Add-New-PDRatings-chromium\test-failed-1.png]]

[[ATTACHMENT|test-results\case-settlements-pdRating--35a82-PDRatings-Add-New-PDRatings-chromium\video.webm]]

[[ATTACHMENT|test-results\case-settlements-pdRating--35a82-PDRatings-Add-New-PDRatings-chromium\error-context.md]]
]]>
</system-out>
</testcase>
</testsuite>
<testsuite name="case\settlements\pdRating\deletePdRating.spec.js" timestamp="2026-02-19T11:26:43.888Z" hostname="chromium" tests="1" failures="1" skipped="0" time="115.06" errors="0">
<testcase name="View PDRatings › View PDRatings" classname="case\settlements\pdRating\deletePdRating.spec.js" time="115.06">
<failure message="deletePdRating.spec.js:15:5 View PDRatings" type="FAILURE">
<![CDATA[  [chromium] › case\settlements\pdRating\deletePdRating.spec.js:15:5 › View PDRatings › View PDRatings 

    Test timeout of 100000ms exceeded.

    Error: locator.click: Test timeout of 100000ms exceeded.
    Call log:
      - waiting for locator('//tr[td[contains(., \'test\')]]//td[6]//span')


      22 |         await settlementSection.openNotHasSettlement();
      23 |         await settlementSection.openPDRatings();
    > 24 |         await pdRatingSection.deletePdRatingBtn.click();
         |                                                 ^
      25 |         await pdRatingSection.deleteConfirmBtn.click();
      26 |
      27 |     })
        at D:\Aeliuscase-Smoke-Automation\Aeliuscase-Smoke-Automation\tests\case\settlements\pdRating\deletePdRating.spec.js:24:49

    attachment #1: screenshot (image/png) ──────────────────────────────────────────────────────────
    ..\test-results\case-settlements-pdRating--3234e-ew-PDRatings-View-PDRatings-chromium\test-failed-1.png
    ────────────────────────────────────────────────────────────────────────────────────────────────

    attachment #2: video (video/webm) ──────────────────────────────────────────────────────────────
    ..\test-results\case-settlements-pdRating--3234e-ew-PDRatings-View-PDRatings-chromium\video.webm
    ────────────────────────────────────────────────────────────────────────────────────────────────

    Error Context: ..\test-results\case-settlements-pdRating--3234e-ew-PDRatings-View-PDRatings-chromium\error-context.md
]]>
</failure>
<system-out>
<![CDATA[
[[ATTACHMENT|test-results\case-settlements-pdRating--3234e-ew-PDRatings-View-PDRatings-chromium\test-failed-1.png]]

[[ATTACHMENT|test-results\case-settlements-pdRating--3234e-ew-PDRatings-View-PDRatings-chromium\video.webm]]

[[ATTACHMENT|test-results\case-settlements-pdRating--3234e-ew-PDRatings-View-PDRatings-chromium\error-context.md]]
]]>
</system-out>
</testcase>
</testsuite>
<testsuite name="case\settlements\pdRating\updatingPDRating.spec.js" timestamp="2026-02-19T11:26:43.888Z" hostname="chromium" tests="1" failures="1" skipped="0" time="61.234" errors="0">
<testcase name="Update PDRatings › Update PDRatings" classname="case\settlements\pdRating\updatingPDRating.spec.js" time="61.234">
<failure message="updatingPDRating.spec.js:16:5 Update PDRatings" type="FAILURE">
<![CDATA[  [chromium] › case\settlements\pdRating\updatingPDRating.spec.js:16:5 › Update PDRatings › Update PDRatings 

    Test timeout of 60000ms exceeded.

    Error: locator.click: Test timeout of 60000ms exceeded.
    Call log:
      - waiting for locator('//tbody/tr[1]/td[1]/button[1]/span[1]')


       at ..\pages\case\pdRatingSection.js:63

      61 |
      62 |     async clickPDRatingOption() {
    > 63 |         await this.pdRatingOption.click();
         |                                   ^
      64 |     }
      65 |
      66 |     async updatePdRating() {
        at PDRatingSection.clickPDRatingOption (D:\Aeliuscase-Smoke-Automation\Aeliuscase-Smoke-Automation\pages\case\pdRatingSection.js:63:35)
        at D:\Aeliuscase-Smoke-Automation\Aeliuscase-Smoke-Automation\tests\case\settlements\pdRating\updatingPDRating.spec.js:25:31

    attachment #1: screenshot (image/png) ──────────────────────────────────────────────────────────
    ..\test-results\case-settlements-pdRating--da0fc--PDRatings-Update-PDRatings-chromium\test-failed-1.png
    ────────────────────────────────────────────────────────────────────────────────────────────────

    attachment #2: video (video/webm) ──────────────────────────────────────────────────────────────
    ..\test-results\case-settlements-pdRating--da0fc--PDRatings-Update-PDRatings-chromium\video.webm
    ────────────────────────────────────────────────────────────────────────────────────────────────

    Error Context: ..\test-results\case-settlements-pdRating--da0fc--PDRatings-Update-PDRatings-chromium\error-context.md
]]>
</failure>
<system-out>
<![CDATA[
[[ATTACHMENT|test-results\case-settlements-pdRating--da0fc--PDRatings-Update-PDRatings-chromium\test-failed-1.png]]

[[ATTACHMENT|test-results\case-settlements-pdRating--da0fc--PDRatings-Update-PDRatings-chromium\video.webm]]

[[ATTACHMENT|test-results\case-settlements-pdRating--da0fc--PDRatings-Update-PDRatings-chromium\error-context.md]]
]]>
</system-out>
</testcase>
</testsuite>
<testsuite name="case\settlements\pdRating\viewPDRating.spec.js" timestamp="2026-02-19T11:26:43.888Z" hostname="chromium" tests="1" failures="1" skipped="0" time="61.061" errors="0">
<testcase name="View PDRatings › View PDRatings" classname="case\settlements\pdRating\viewPDRating.spec.js" time="61.061">
<failure message="viewPDRating.spec.js:16:5 View PDRatings" type="FAILURE">
<![CDATA[  [chromium] › case\settlements\pdRating\viewPDRating.spec.js:16:5 › View PDRatings › View PDRatings 

    Test timeout of 60000ms exceeded.

    Error: locator.click: Test timeout of 60000ms exceeded.
    Call log:
      - waiting for locator('//tbody/tr[1]/td[1]/button[1]/span[1]')


       at ..\pages\case\pdRatingSection.js:63

      61 |
      62 |     async clickPDRatingOption() {
    > 63 |         await this.pdRatingOption.click();
         |                                   ^
      64 |     }
      65 |
      66 |     async updatePdRating() {
        at PDRatingSection.clickPDRatingOption (D:\Aeliuscase-Smoke-Automation\Aeliuscase-Smoke-Automation\pages\case\pdRatingSection.js:63:35)
        at D:\Aeliuscase-Smoke-Automation\Aeliuscase-Smoke-Automation\tests\case\settlements\pdRating\viewPDRating.spec.js:25:31

    attachment #1: screenshot (image/png) ──────────────────────────────────────────────────────────
    ..\test-results\case-settlements-pdRating--70d17-ew-PDRatings-View-PDRatings-chromium\test-failed-1.png
    ────────────────────────────────────────────────────────────────────────────────────────────────

    attachment #2: video (video/webm) ──────────────────────────────────────────────────────────────
    ..\test-results\case-settlements-pdRating--70d17-ew-PDRatings-View-PDRatings-chromium\video.webm
    ────────────────────────────────────────────────────────────────────────────────────────────────

    Error Context: ..\test-results\case-settlements-pdRating--70d17-ew-PDRatings-View-PDRatings-chromium\error-context.md
]]>
</failure>
<system-out>
<![CDATA[
[[ATTACHMENT|test-results\case-settlements-pdRating--70d17-ew-PDRatings-View-PDRatings-chromium\test-failed-1.png]]

[[ATTACHMENT|test-results\case-settlements-pdRating--70d17-ew-PDRatings-View-PDRatings-chromium\video.webm]]

[[ATTACHMENT|test-results\case-settlements-pdRating--70d17-ew-PDRatings-View-PDRatings-chromium\error-context.md]]
]]>
</system-out>
</testcase>
</testsuite>
<testsuite name="case\settlements\viewSettlements.spec.js" timestamp="2026-02-19T11:26:43.888Z" hostname="chromium" tests="1" failures="1" skipped="0" time="117.024" errors="0">
<testcase name="View Settlements › View Settlements @smoke" classname="case\settlements\viewSettlements.spec.js" time="117.024">
<failure message="viewSettlements.spec.js:13:5 View Settlements @smoke" type="FAILURE">
<![CDATA[  [chromium] › case\settlements\viewSettlements.spec.js:13:5 › View Settlements › View Settlements @smoke 

    Test timeout of 100000ms exceeded.

    Error: locator.click: Test timeout of 100000ms exceeded.
    Call log:
      - waiting for locator('label.settlement-dollar-icon.has-settlement').first()


       at ..\pages\case\SettlementSection.js:35

      33 |
      34 |     async openHasSettlement() {
    > 35 |         await this.hasSettlementBtn.click();
         |                                     ^
      36 |     }
      37 |     async openNotHasSettlement() {
      38 |         await this.hasNoSettlementBtn.click();
        at SettlementSection.openHasSettlement (D:\Aeliuscase-Smoke-Automation\Aeliuscase-Smoke-Automation\pages\case\SettlementSection.js:35:37)
        at D:\Aeliuscase-Smoke-Automation\Aeliuscase-Smoke-Automation\tests\case\settlements\viewSettlements.spec.js:19:33

    attachment #1: screenshot (image/png) ──────────────────────────────────────────────────────────
    ..\test-results\case-settlements-viewSettl-2e94b-ents-View-Settlements-smoke-chromium\test-failed-1.png
    ────────────────────────────────────────────────────────────────────────────────────────────────

    attachment #2: video (video/webm) ──────────────────────────────────────────────────────────────
    ..\test-results\case-settlements-viewSettl-2e94b-ents-View-Settlements-smoke-chromium\video.webm
    ────────────────────────────────────────────────────────────────────────────────────────────────

    Error Context: ..\test-results\case-settlements-viewSettl-2e94b-ents-View-Settlements-smoke-chromium\error-context.md
]]>
</failure>
<system-out>
<![CDATA[
[[ATTACHMENT|test-results\case-settlements-viewSettl-2e94b-ents-View-Settlements-smoke-chromium\test-failed-1.png]]

[[ATTACHMENT|test-results\case-settlements-viewSettl-2e94b-ents-View-Settlements-smoke-chromium\video.webm]]

[[ATTACHMENT|test-results\case-settlements-viewSettl-2e94b-ents-View-Settlements-smoke-chromium\error-context.md]]
]]>
</system-out>
</testcase>
</testsuite>
<testsuite name="case\updateInjury.spec.js" timestamp="2026-02-19T11:26:43.888Z" hostname="chromium" tests="1" failures="0" skipped="0" time="19.576" errors="0">
<testcase name="Update Injury › Update Injury @smoke" classname="case\updateInjury.spec.js" time="19.576">
</testcase>
</testsuite>
<testsuite name="caseList\deleteCase.spec.js" timestamp="2026-02-19T11:26:43.888Z" hostname="chromium" tests="1" failures="0" skipped="1" time="0" errors="0">
<testcase name="Delete a case" classname="caseList\deleteCase.spec.js" time="0">
<properties>
<property name="skip" value="">
</property>
</properties>
<skipped>
</skipped>
</testcase>
</testsuite>
<testsuite name="caseList\navigateToACase.spec.js" timestamp="2026-02-19T11:26:43.888Z" hostname="chromium" tests="2" failures="0" skipped="0" time="36.485" errors="0">
<testcase name="Navigate to a case from case List @smoke" classname="caseList\navigateToACase.spec.js" time="19.689">
</testcase>
<testcase name="Navigate to a case from case tile @smoke" classname="caseList\navigateToACase.spec.js" time="16.796">
</testcase>
</testsuite>
<testsuite name="casePartyLifecycle.spec.js" timestamp="2026-02-19T11:26:43.888Z" hostname="chromium" tests="22" failures="16" skipped="0" time="1458.636" errors="0">
<testcase name="Create Party › Create Medical Provider Party" classname="casePartyLifecycle.spec.js" time="21.628">
<failure message="casePartyLifecycle.spec.js:24:9 Create Medical Provider Party" type="FAILURE">
<![CDATA[  [chromium] › casePartyLifecycle.spec.js:24:9 › Create Party › Create Medical Provider Party ──────

    Error: locator.fill: Error: Element is not an <input>, <textarea>, <select> or [contenteditable] and does not have a role allowing [aria-readonly]
    Call log:
      - waiting for locator('[formcontrolname="company"]')
        - locator resolved to <p-autocomplete field="description" formcontrolname="company" _ngcontent-ng-c33472788="" class="p-element p-inputwrapper ng-untouched ng-pristine ng-valid">…</p-autocomplete>
        - fill("Med")
      - attempting fill action
        - waiting for element to be visible, enabled and editable


       at ..\pages\components\PartyForm.js:35

      33 |     async fillPartyForm(companyName, isFromRolodex) {
      34 |
    > 35 |         await this.companyInput.fill(companyName);
         |                                 ^
      36 |
      37 |         if (!isFromRolodex) {
      38 |             await this.companyNameOption.click();
        at PartyForm.fillPartyForm (D:\Aeliuscase-Smoke-Automation\Aeliuscase-Smoke-Automation\pages\components\PartyForm.js:35:33)
        at D:\Aeliuscase-Smoke-Automation\Aeliuscase-Smoke-Automation\tests\casePartyLifecycle.spec.js:33:29

    attachment #1: screenshot (image/png) ──────────────────────────────────────────────────────────
    ..\test-results\casePartyLifecycle-Create--3a3d8-eate-Medical-Provider-Party-chromium\test-failed-1.png
    ────────────────────────────────────────────────────────────────────────────────────────────────

    attachment #2: video (video/webm) ──────────────────────────────────────────────────────────────
    ..\test-results\casePartyLifecycle-Create--3a3d8-eate-Medical-Provider-Party-chromium\video.webm
    ────────────────────────────────────────────────────────────────────────────────────────────────

    Error Context: ..\test-results\casePartyLifecycle-Create--3a3d8-eate-Medical-Provider-Party-chromium\error-context.md
]]>
</failure>
<system-out>
<![CDATA[
[[ATTACHMENT|test-results\casePartyLifecycle-Create--3a3d8-eate-Medical-Provider-Party-chromium\test-failed-1.png]]

[[ATTACHMENT|test-results\casePartyLifecycle-Create--3a3d8-eate-Medical-Provider-Party-chromium\video.webm]]

[[ATTACHMENT|test-results\casePartyLifecycle-Create--3a3d8-eate-Medical-Provider-Party-chromium\error-context.md]]
]]>
</system-out>
</testcase>
<testcase name="Create Party › Create Defense Attorney Party" classname="casePartyLifecycle.spec.js" time="22.208">
<failure message="casePartyLifecycle.spec.js:24:9 Create Defense Attorney Party" type="FAILURE">
<![CDATA[  [chromium] › casePartyLifecycle.spec.js:24:9 › Create Party › Create Defense Attorney Party ──────

    Error: locator.fill: Error: Element is not an <input>, <textarea>, <select> or [contenteditable] and does not have a role allowing [aria-readonly]
    Call log:
      - waiting for locator('[formcontrolname="company"]')
        - locator resolved to <p-autocomplete field="description" formcontrolname="company" _ngcontent-ng-c33472788="" class="p-element p-inputwrapper ng-untouched ng-pristine ng-invalid">…</p-autocomplete>
        - fill("Med")
      - attempting fill action
        - waiting for element to be visible, enabled and editable


       at ..\pages\components\PartyForm.js:35

      33 |     async fillPartyForm(companyName, isFromRolodex) {
      34 |
    > 35 |         await this.companyInput.fill(companyName);
         |                                 ^
      36 |
      37 |         if (!isFromRolodex) {
      38 |             await this.companyNameOption.click();
        at PartyForm.fillPartyForm (D:\Aeliuscase-Smoke-Automation\Aeliuscase-Smoke-Automation\pages\components\PartyForm.js:35:33)
        at D:\Aeliuscase-Smoke-Automation\Aeliuscase-Smoke-Automation\tests\casePartyLifecycle.spec.js:33:29

    attachment #1: screenshot (image/png) ──────────────────────────────────────────────────────────
    ..\test-results\casePartyLifecycle-Create--cfab1-eate-Defense-Attorney-Party-chromium\test-failed-1.png
    ────────────────────────────────────────────────────────────────────────────────────────────────

    attachment #2: video (video/webm) ──────────────────────────────────────────────────────────────
    ..\test-results\casePartyLifecycle-Create--cfab1-eate-Defense-Attorney-Party-chromium\video.webm
    ────────────────────────────────────────────────────────────────────────────────────────────────

    Error Context: ..\test-results\casePartyLifecycle-Create--cfab1-eate-Defense-Attorney-Party-chromium\error-context.md
]]>
</failure>
<system-out>
<![CDATA[
[[ATTACHMENT|test-results\casePartyLifecycle-Create--cfab1-eate-Defense-Attorney-Party-chromium\test-failed-1.png]]

[[ATTACHMENT|test-results\casePartyLifecycle-Create--cfab1-eate-Defense-Attorney-Party-chromium\video.webm]]

[[ATTACHMENT|test-results\casePartyLifecycle-Create--cfab1-eate-Defense-Attorney-Party-chromium\error-context.md]]
]]>
</system-out>
</testcase>
<testcase name="Create Party › Create Insurance Carrier Party" classname="casePartyLifecycle.spec.js" time="22.284">
<failure message="casePartyLifecycle.spec.js:24:9 Create Insurance Carrier Party" type="FAILURE">
<![CDATA[  [chromium] › casePartyLifecycle.spec.js:24:9 › Create Party › Create Insurance Carrier Party ─────

    Error: locator.fill: Error: Element is not an <input>, <textarea>, <select> or [contenteditable] and does not have a role allowing [aria-readonly]
    Call log:
      - waiting for locator('[formcontrolname="company"]')
        - locator resolved to <p-autocomplete field="description" formcontrolname="company" _ngcontent-ng-c33472788="" class="p-element p-inputwrapper ng-untouched ng-pristine ng-invalid">…</p-autocomplete>
        - fill("Med")
      - attempting fill action
        - waiting for element to be visible, enabled and editable


       at ..\pages\components\PartyForm.js:35

      33 |     async fillPartyForm(companyName, isFromRolodex) {
      34 |
    > 35 |         await this.companyInput.fill(companyName);
         |                                 ^
      36 |
      37 |         if (!isFromRolodex) {
      38 |             await this.companyNameOption.click();
        at PartyForm.fillPartyForm (D:\Aeliuscase-Smoke-Automation\Aeliuscase-Smoke-Automation\pages\components\PartyForm.js:35:33)
        at D:\Aeliuscase-Smoke-Automation\Aeliuscase-Smoke-Automation\tests\casePartyLifecycle.spec.js:33:29

    attachment #1: screenshot (image/png) ──────────────────────────────────────────────────────────
    ..\test-results\casePartyLifecycle-Create--074e6-ate-Insurance-Carrier-Party-chromium\test-failed-1.png
    ────────────────────────────────────────────────────────────────────────────────────────────────

    attachment #2: video (video/webm) ──────────────────────────────────────────────────────────────
    ..\test-results\casePartyLifecycle-Create--074e6-ate-Insurance-Carrier-Party-chromium\video.webm
    ────────────────────────────────────────────────────────────────────────────────────────────────

    Error Context: ..\test-results\casePartyLifecycle-Create--074e6-ate-Insurance-Carrier-Party-chromium\error-context.md
]]>
</failure>
<system-out>
<![CDATA[
[[ATTACHMENT|test-results\casePartyLifecycle-Create--074e6-ate-Insurance-Carrier-Party-chromium\test-failed-1.png]]

[[ATTACHMENT|test-results\casePartyLifecycle-Create--074e6-ate-Insurance-Carrier-Party-chromium\video.webm]]

[[ATTACHMENT|test-results\casePartyLifecycle-Create--074e6-ate-Insurance-Carrier-Party-chromium\error-context.md]]
]]>
</system-out>
</testcase>
<testcase name="Create Party › Create Claims Administrator Party" classname="casePartyLifecycle.spec.js" time="25.204">
<failure message="casePartyLifecycle.spec.js:24:9 Create Claims Administrator Party" type="FAILURE">
<![CDATA[  [chromium] › casePartyLifecycle.spec.js:24:9 › Create Party › Create Claims Administrator Party ──

    Error: locator.fill: Error: Element is not an <input>, <textarea>, <select> or [contenteditable] and does not have a role allowing [aria-readonly]
    Call log:
      - waiting for locator('[formcontrolname="company"]')
        - locator resolved to <p-autocomplete field="description" formcontrolname="company" _ngcontent-ng-c33472788="" class="p-element p-inputwrapper ng-untouched ng-pristine ng-invalid">…</p-autocomplete>
        - fill("Med")
      - attempting fill action
        - waiting for element to be visible, enabled and editable


       at ..\pages\components\PartyForm.js:35

      33 |     async fillPartyForm(companyName, isFromRolodex) {
      34 |
    > 35 |         await this.companyInput.fill(companyName);
         |                                 ^
      36 |
      37 |         if (!isFromRolodex) {
      38 |             await this.companyNameOption.click();
        at PartyForm.fillPartyForm (D:\Aeliuscase-Smoke-Automation\Aeliuscase-Smoke-Automation\pages\components\PartyForm.js:35:33)
        at D:\Aeliuscase-Smoke-Automation\Aeliuscase-Smoke-Automation\tests\casePartyLifecycle.spec.js:33:29

    attachment #1: screenshot (image/png) ──────────────────────────────────────────────────────────
    ..\test-results\casePartyLifecycle-Create--dc8c0--Claims-Administrator-Party-chromium\test-failed-1.png
    ────────────────────────────────────────────────────────────────────────────────────────────────

    attachment #2: video (video/webm) ──────────────────────────────────────────────────────────────
    ..\test-results\casePartyLifecycle-Create--dc8c0--Claims-Administrator-Party-chromium\video.webm
    ────────────────────────────────────────────────────────────────────────────────────────────────

    Error Context: ..\test-results\casePartyLifecycle-Create--dc8c0--Claims-Administrator-Party-chromium\error-context.md
]]>
</failure>
<system-out>
<![CDATA[
[[ATTACHMENT|test-results\casePartyLifecycle-Create--dc8c0--Claims-Administrator-Party-chromium\test-failed-1.png]]

[[ATTACHMENT|test-results\casePartyLifecycle-Create--dc8c0--Claims-Administrator-Party-chromium\video.webm]]

[[ATTACHMENT|test-results\casePartyLifecycle-Create--dc8c0--Claims-Administrator-Party-chromium\error-context.md]]
]]>
</system-out>
</testcase>
<testcase name="Create Party › Add Medical Billing" classname="casePartyLifecycle.spec.js" time="101.378">
<failure message="casePartyLifecycle.spec.js:39:5 Add Medical Billing" type="FAILURE">
<![CDATA[  [chromium] › casePartyLifecycle.spec.js:39:5 › Create Party › Add Medical Billing ────────────────

    Test timeout of 100000ms exceeded.

    Error: locator.click: Test timeout of 100000ms exceeded.
    Call log:
      - waiting for locator('button[ptooltip="New Medical Billing"]').first()
        - locator resolved to <button pbutton="" pripple="" icon="pi pi-plus" _ngcontent-ng-c162292202="" ptooltip="New Medical Billing" class="p-element p-ripple custom-button p-button-raised p-button p-component p-button-icon-only">…</button>
      - attempting click action
        2 × waiting for element to be visible, enabled and stable
          - element is visible, enabled and stable
          - scrolling into view if needed
          - done scrolling
          - element is outside of the viewport
        - retrying click action
        - waiting 20ms
        2 × waiting for element to be visible, enabled and stable
          - element is visible, enabled and stable
          - scrolling into view if needed
          - done scrolling
          - element is outside of the viewport
        - retrying click action
          - waiting 100ms
        122 × waiting for element to be visible, enabled and stable
            - element is visible, enabled and stable
            - scrolling into view if needed
            - done scrolling
            - element is outside of the viewport
          - retrying click action
            - waiting 500ms


       at ..\pages\components\PartyForm.js:88

      86 |
      87 |     async addMedicalBilling() {
    > 88 |         await this.addMedicalBillingBtn.click();
         |                                         ^
      89 |     }
      90 |
      91 |     async fillMedicalBillingForm(billValue) {
        at PartyForm.addMedicalBilling (D:\Aeliuscase-Smoke-Automation\Aeliuscase-Smoke-Automation\pages\components\PartyForm.js:88:41)
        at D:\Aeliuscase-Smoke-Automation\Aeliuscase-Smoke-Automation\tests\casePartyLifecycle.spec.js:48:29

    attachment #1: screenshot (image/png) ──────────────────────────────────────────────────────────
    ..\test-results\casePartyLifecycle-Create-Party-Add-Medical-Billing-chromium\test-failed-1.png
    ────────────────────────────────────────────────────────────────────────────────────────────────

    attachment #2: video (video/webm) ──────────────────────────────────────────────────────────────
    ..\test-results\casePartyLifecycle-Create-Party-Add-Medical-Billing-chromium\video.webm
    ────────────────────────────────────────────────────────────────────────────────────────────────

    Error Context: ..\test-results\casePartyLifecycle-Create-Party-Add-Medical-Billing-chromium\error-context.md
]]>
</failure>
<system-out>
<![CDATA[
[[ATTACHMENT|test-results\casePartyLifecycle-Create-Party-Add-Medical-Billing-chromium\test-failed-1.png]]

[[ATTACHMENT|test-results\casePartyLifecycle-Create-Party-Add-Medical-Billing-chromium\video.webm]]

[[ATTACHMENT|test-results\casePartyLifecycle-Create-Party-Add-Medical-Billing-chromium\error-context.md]]
]]>
</system-out>
</testcase>
<testcase name="Create Party › Update Medical Billing" classname="casePartyLifecycle.spec.js" time="101.104">
<failure message="casePartyLifecycle.spec.js:54:5 Update Medical Billing" type="FAILURE">
<![CDATA[  [chromium] › casePartyLifecycle.spec.js:54:5 › Create Party › Update Medical Billing ─────────────

    Test timeout of 100000ms exceeded.

    Error: locator.click: Test timeout of 100000ms exceeded.
    Call log:
      - waiting for locator('button[ptooltip="Options"]').first()


       at ..\pages\components\PartyForm.js:102

      100 |
      101 |     async navigateToEditMedicalBill() {
    > 102 |         await this.optionsBtn.click();
          |                               ^
      103 |         await this.editMedicalBillBtn.click();
      104 |     }
      105 |
        at PartyForm.navigateToEditMedicalBill (D:\Aeliuscase-Smoke-Automation\Aeliuscase-Smoke-Automation\pages\components\PartyForm.js:102:31)
        at D:\Aeliuscase-Smoke-Automation\Aeliuscase-Smoke-Automation\tests\casePartyLifecycle.spec.js:63:25

    attachment #1: screenshot (image/png) ──────────────────────────────────────────────────────────
    ..\test-results\casePartyLifecycle-Create-Party-Update-Medical-Billing-chromium\test-failed-1.png
    ────────────────────────────────────────────────────────────────────────────────────────────────

    attachment #2: video (video/webm) ──────────────────────────────────────────────────────────────
    ..\test-results\casePartyLifecycle-Create-Party-Update-Medical-Billing-chromium\video.webm
    ────────────────────────────────────────────────────────────────────────────────────────────────

    Error Context: ..\test-results\casePartyLifecycle-Create-Party-Update-Medical-Billing-chromium\error-context.md
]]>
</failure>
<system-out>
<![CDATA[
[[ATTACHMENT|test-results\casePartyLifecycle-Create-Party-Update-Medical-Billing-chromium\test-failed-1.png]]

[[ATTACHMENT|test-results\casePartyLifecycle-Create-Party-Update-Medical-Billing-chromium\video.webm]]

[[ATTACHMENT|test-results\casePartyLifecycle-Create-Party-Update-Medical-Billing-chromium\error-context.md]]
]]>
</system-out>
</testcase>
<testcase name="Create Party › Delete Medical Billing" classname="casePartyLifecycle.spec.js" time="101.357">
<failure message="casePartyLifecycle.spec.js:69:5 Delete Medical Billing" type="FAILURE">
<![CDATA[  [chromium] › casePartyLifecycle.spec.js:69:5 › Create Party › Delete Medical Billing ─────────────

    Test timeout of 100000ms exceeded.

    Error: locator.click: Test timeout of 100000ms exceeded.
    Call log:
      - waiting for locator('button[ptooltip="Delete Bill"]').first()


       at ..\pages\components\PartyForm.js:112

      110 |
      111 |     async deleteMedicalBill() {
    > 112 |         await this.deleteBillBtn.click();
          |                                  ^
      113 |         await this.deleteBillConfirmButton.click();
      114 |     }
      115 |
        at PartyForm.deleteMedicalBill (D:\Aeliuscase-Smoke-Automation\Aeliuscase-Smoke-Automation\pages\components\PartyForm.js:112:34)
        at D:\Aeliuscase-Smoke-Automation\Aeliuscase-Smoke-Automation\tests\casePartyLifecycle.spec.js:78:25

    attachment #1: screenshot (image/png) ──────────────────────────────────────────────────────────
    ..\test-results\casePartyLifecycle-Create-Party-Delete-Medical-Billing-chromium\test-failed-1.png
    ────────────────────────────────────────────────────────────────────────────────────────────────

    attachment #2: video (video/webm) ──────────────────────────────────────────────────────────────
    ..\test-results\casePartyLifecycle-Create-Party-Delete-Medical-Billing-chromium\video.webm
    ────────────────────────────────────────────────────────────────────────────────────────────────

    Error Context: ..\test-results\casePartyLifecycle-Create-Party-Delete-Medical-Billing-chromium\error-context.md
]]>
</failure>
<system-out>
<![CDATA[
[[ATTACHMENT|test-results\casePartyLifecycle-Create-Party-Delete-Medical-Billing-chromium\test-failed-1.png]]

[[ATTACHMENT|test-results\casePartyLifecycle-Create-Party-Delete-Medical-Billing-chromium\video.webm]]

[[ATTACHMENT|test-results\casePartyLifecycle-Create-Party-Delete-Medical-Billing-chromium\error-context.md]]
]]>
</system-out>
</testcase>
<testcase name="Create Party › Update Medical Provider Party" classname="casePartyLifecycle.spec.js" time="25.871">
</testcase>
<testcase name="Create Party › Update Defense Attorney Party" classname="casePartyLifecycle.spec.js" time="101.082">
<failure message="casePartyLifecycle.spec.js:83:9 Update Defense Attorney Party" type="FAILURE">
<![CDATA[  [chromium] › casePartyLifecycle.spec.js:83:9 › Create Party › Update Defense Attorney Party ──────

    Test timeout of 100000ms exceeded.

    Error: locator.click: Test timeout of 100000ms exceeded.
    Call log:
      - waiting for getByText('Defense Attorney').first()


       at ..\pages\case\PartiesSection.js:43

      41 |     async openCreatedParty(partyType) {
      42 |         this.partyType = partyType;
    > 43 |         await this.page.getByText(partyType).first().click();
         |                                                      ^
      44 |     }
      45 |     async navigateToEditParty() {
      46 |         await this.editPartyButton.click();
        at PartiesSection.openCreatedParty (D:\Aeliuscase-Smoke-Automation\Aeliuscase-Smoke-Automation\pages\case\PartiesSection.js:43:54)
        at D:\Aeliuscase-Smoke-Automation\Aeliuscase-Smoke-Automation\tests\casePartyLifecycle.spec.js:90:34

    attachment #1: screenshot (image/png) ──────────────────────────────────────────────────────────
    ..\test-results\casePartyLifecycle-Create--2b422-date-Defense-Attorney-Party-chromium\test-failed-1.png
    ────────────────────────────────────────────────────────────────────────────────────────────────

    attachment #2: video (video/webm) ──────────────────────────────────────────────────────────────
    ..\test-results\casePartyLifecycle-Create--2b422-date-Defense-Attorney-Party-chromium\video.webm
    ────────────────────────────────────────────────────────────────────────────────────────────────

    Error Context: ..\test-results\casePartyLifecycle-Create--2b422-date-Defense-Attorney-Party-chromium\error-context.md
]]>
</failure>
<system-out>
<![CDATA[
[[ATTACHMENT|test-results\casePartyLifecycle-Create--2b422-date-Defense-Attorney-Party-chromium\test-failed-1.png]]

[[ATTACHMENT|test-results\casePartyLifecycle-Create--2b422-date-Defense-Attorney-Party-chromium\video.webm]]

[[ATTACHMENT|test-results\casePartyLifecycle-Create--2b422-date-Defense-Attorney-Party-chromium\error-context.md]]
]]>
</system-out>
</testcase>
<testcase name="Create Party › Update Insurance Carrier Party" classname="casePartyLifecycle.spec.js" time="100.974">
<failure message="casePartyLifecycle.spec.js:83:9 Update Insurance Carrier Party" type="FAILURE">
<![CDATA[  [chromium] › casePartyLifecycle.spec.js:83:9 › Create Party › Update Insurance Carrier Party ─────

    Test timeout of 100000ms exceeded.

    Error: locator.click: Test timeout of 100000ms exceeded.
    Call log:
      - waiting for getByText('Insurance Carrier').first()


       at ..\pages\case\PartiesSection.js:43

      41 |     async openCreatedParty(partyType) {
      42 |         this.partyType = partyType;
[...]
    ────────────────────────────────────────────────────────────────────────────────────────────────
]]>
</failure>
<system-out>
<![CDATA[
[[ATTACHMENT|test-results\verifyCaseListLoads-Verify-74fd3-board-Case-List-loads-smoke-chromium\test-failed-1.png]]

[[ATTACHMENT|test-results\verifyCaseListLoads-Verify-74fd3-board-Case-List-loads-smoke-chromium\video.webm]]
]]>
</system-out>
</testcase>
<testcase name="Case List Loading › Verify recentCase case list loads @smoke" classname="verifyCaseListLoads.spec.js" time="22.413">
</testcase>
<testcase name="Case List Loading › Verify close case list loads @smoke" classname="verifyCaseListLoads.spec.js" time="16.072">
</testcase>
<testcase name="Case List Loading › Verify sub-in case list loads @smoke" classname="verifyCaseListLoads.spec.js" time="13.375">
</testcase>
<testcase name="Case List Loading › Verify sub-out case list loads @smoke" classname="verifyCaseListLoads.spec.js" time="14.722">
</testcase>
<testcase name="Case List Loading › Verify active case list loads @smoke" classname="verifyCaseListLoads.spec.js" time="13.477">
</testcase>
</testsuite>
<testsuite name="verifyCaseListOptions.spec.js" timestamp="2026-02-19T11:26:43.888Z" hostname="chromium" tests="6" failures="5" skipped="0" time="180.745" errors="0">
<testcase name="Verify Case List Options › Verify Review Note Options" classname="verifyCaseListOptions.spec.js" time="27.915">
</testcase>
<testcase name="Verify Case List Options › Verify Review Document Options" classname="verifyCaseListOptions.spec.js" time="32.488">
<failure message="verifyCaseListOptions.spec.js:23:5 Verify Review Document Options" type="FAILURE">
<![CDATA[  [chromium] › verifyCaseListOptions.spec.js:23:5 › Verify Case List Options › Verify Review Document Options 

    Error: expect(locator).toBeVisible() failed

    Locator: getByRole('textbox', { name: 'Search Documents' })
    Expected: visible
    Timeout: 5000ms
    Error: element(s) not found

    Call log:
      - Expect "toBeVisible" with timeout 5000ms
      - waiting for getByRole('textbox', { name: 'Search Documents' })


       at ..\pages\case\CaseTabs.js:46

      44 |
      45 |   async verifyTabLoaded(tabName) {
    > 46 |     await expect(this.sections[tabName]).toBeVisible();
         |                                          ^
      47 |     // await expect(this.page.url()).toContain(this.routes[tabName]);
      48 |   }
      49 | }
        at CaseTabs.verifyTabLoaded (D:\Aeliuscase-Smoke-Automation\Aeliuscase-Smoke-Automation\pages\case\CaseTabs.js:46:42)
        at D:\Aeliuscase-Smoke-Automation\Aeliuscase-Smoke-Automation\tests\verifyCaseListOptions.spec.js:29:37

    attachment #1: screenshot (image/png) ──────────────────────────────────────────────────────────
    ..\test-results\verifyCaseListOptions-Veri-f8634-ify-Review-Document-Options-chromium\test-failed-1.png
    ────────────────────────────────────────────────────────────────────────────────────────────────

    attachment #2: video (video/webm) ──────────────────────────────────────────────────────────────
    ..\test-results\verifyCaseListOptions-Veri-f8634-ify-Review-Document-Options-chromium\video.webm
    ────────────────────────────────────────────────────────────────────────────────────────────────

    Error Context: ..\test-results\verifyCaseListOptions-Veri-f8634-ify-Review-Document-Options-chromium\error-context.md
]]>
</failure>
<system-out>
<![CDATA[
[[ATTACHMENT|test-results\verifyCaseListOptions-Veri-f8634-ify-Review-Document-Options-chromium\test-failed-1.png]]

[[ATTACHMENT|test-results\verifyCaseListOptions-Veri-f8634-ify-Review-Document-Options-chromium\video.webm]]

[[ATTACHMENT|test-results\verifyCaseListOptions-Veri-f8634-ify-Review-Document-Options-chromium\error-context.md]]
]]>
</system-out>
</testcase>
<testcase name="Verify Case List Options › Verify Review Calendar Options" classname="verifyCaseListOptions.spec.js" time="33.579">
<failure message="verifyCaseListOptions.spec.js:32:5 Verify Review Calendar Options" type="FAILURE">
<![CDATA[  [chromium] › verifyCaseListOptions.spec.js:32:5 › Verify Case List Options › Verify Review Calendar Options 

    Error: expect(locator).toBeVisible() failed

    Locator: getByText('Calendar View', { exact: true })
    Expected: visible
    Timeout: 5000ms
    Error: element(s) not found

    Call log:
      - Expect "toBeVisible" with timeout 5000ms
      - waiting for getByText('Calendar View', { exact: true })


       at ..\pages\case\CaseTabs.js:46

      44 |
      45 |   async verifyTabLoaded(tabName) {
    > 46 |     await expect(this.sections[tabName]).toBeVisible();
         |                                          ^
      47 |     // await expect(this.page.url()).toContain(this.routes[tabName]);
      48 |   }
      49 | }
        at CaseTabs.verifyTabLoaded (D:\Aeliuscase-Smoke-Automation\Aeliuscase-Smoke-Automation\pages\case\CaseTabs.js:46:42)
        at D:\Aeliuscase-Smoke-Automation\Aeliuscase-Smoke-Automation\tests\verifyCaseListOptions.spec.js:38:37

    attachment #1: screenshot (image/png) ──────────────────────────────────────────────────────────
    ..\test-results\verifyCaseListOptions-Veri-90884-ify-Review-Calendar-Options-chromium\test-failed-1.png
    ────────────────────────────────────────────────────────────────────────────────────────────────

    attachment #2: video (video/webm) ──────────────────────────────────────────────────────────────
    ..\test-results\verifyCaseListOptions-Veri-90884-ify-Review-Calendar-Options-chromium\video.webm
    ────────────────────────────────────────────────────────────────────────────────────────────────

    Error Context: ..\test-results\verifyCaseListOptions-Veri-90884-ify-Review-Calendar-Options-chromium\error-context.md
]]>
</failure>
<system-out>
<![CDATA[
[[ATTACHMENT|test-results\verifyCaseListOptions-Veri-90884-ify-Review-Calendar-Options-chromium\test-failed-1.png]]

[[ATTACHMENT|test-results\verifyCaseListOptions-Veri-90884-ify-Review-Calendar-Options-chromium\video.webm]]

[[ATTACHMENT|test-results\verifyCaseListOptions-Veri-90884-ify-Review-Calendar-Options-chromium\error-context.md]]
]]>
</system-out>
</testcase>
<testcase name="Verify Case List Options › Verify Review Activity Options" classname="verifyCaseListOptions.spec.js" time="32.042">
<failure message="verifyCaseListOptions.spec.js:41:5 Verify Review Activity Options" type="FAILURE">
<![CDATA[  [chromium] › verifyCaseListOptions.spec.js:41:5 › Verify Case List Options › Verify Review Activity Options 

    Error: expect(locator).toBeVisible() failed

    Locator: getByRole('textbox', { name: 'Search Activity' })
    Expected: visible
    Timeout: 5000ms
    Error: element(s) not found

    Call log:
      - Expect "toBeVisible" with timeout 5000ms
      - waiting for getByRole('textbox', { name: 'Search Activity' })


       at ..\pages\case\CaseTabs.js:46

      44 |
      45 |   async verifyTabLoaded(tabName) {
    > 46 |     await expect(this.sections[tabName]).toBeVisible();
         |                                          ^
      47 |     // await expect(this.page.url()).toContain(this.routes[tabName]);
      48 |   }
      49 | }
        at CaseTabs.verifyTabLoaded (D:\Aeliuscase-Smoke-Automation\Aeliuscase-Smoke-Automation\pages\case\CaseTabs.js:46:42)
        at D:\Aeliuscase-Smoke-Automation\Aeliuscase-Smoke-Automation\tests\verifyCaseListOptions.spec.js:47:37

    attachment #1: screenshot (image/png) ──────────────────────────────────────────────────────────
    ..\test-results\verifyCaseListOptions-Veri-80d4c-ify-Review-Activity-Options-chromium\test-failed-1.png
    ────────────────────────────────────────────────────────────────────────────────────────────────

    attachment #2: video (video/webm) ──────────────────────────────────────────────────────────────
    ..\test-results\verifyCaseListOptions-Veri-80d4c-ify-Review-Activity-Options-chromium\video.webm
    ────────────────────────────────────────────────────────────────────────────────────────────────

    Error Context: ..\test-results\verifyCaseListOptions-Veri-80d4c-ify-Review-Activity-Options-chromium\error-context.md
]]>
</failure>
<system-out>
<![CDATA[
[[ATTACHMENT|test-results\verifyCaseListOptions-Veri-80d4c-ify-Review-Activity-Options-chromium\test-failed-1.png]]

[[ATTACHMENT|test-results\verifyCaseListOptions-Veri-80d4c-ify-Review-Activity-Options-chromium\video.webm]]

[[ATTACHMENT|test-results\verifyCaseListOptions-Veri-80d4c-ify-Review-Activity-Options-chromium\error-context.md]]
]]>
</system-out>
</testcase>
<testcase name="Verify Case List Options › Verify Review Letter Options" classname="verifyCaseListOptions.spec.js" time="29.418">
<failure message="verifyCaseListOptions.spec.js:50:5 Verify Review Letter Options" type="FAILURE">
<![CDATA[  [chromium] › verifyCaseListOptions.spec.js:50:5 › Verify Case List Options › Verify Review Letter Options 

    Error: expect(locator).toBeVisible() failed

    Locator: getByRole('textbox', { name: 'Search Letters' })
    Expected: visible
    Timeout: 5000ms
    Error: element(s) not found

    Call log:
      - Expect "toBeVisible" with timeout 5000ms
      - waiting for getByRole('textbox', { name: 'Search Letters' })


       at ..\pages\case\CaseTabs.js:46

      44 |
      45 |   async verifyTabLoaded(tabName) {
    > 46 |     await expect(this.sections[tabName]).toBeVisible();
         |                                          ^
      47 |     // await expect(this.page.url()).toContain(this.routes[tabName]);
      48 |   }
      49 | }
        at CaseTabs.verifyTabLoaded (D:\Aeliuscase-Smoke-Automation\Aeliuscase-Smoke-Automation\pages\case\CaseTabs.js:46:42)
        at D:\Aeliuscase-Smoke-Automation\Aeliuscase-Smoke-Automation\tests\verifyCaseListOptions.spec.js:56:37

    attachment #1: screenshot (image/png) ──────────────────────────────────────────────────────────
    ..\test-results\verifyCaseListOptions-Veri-cfab4-erify-Review-Letter-Options-chromium\test-failed-1.png
    ────────────────────────────────────────────────────────────────────────────────────────────────

    attachment #2: video (video/webm) ──────────────────────────────────────────────────────────────
    ..\test-results\verifyCaseListOptions-Veri-cfab4-erify-Review-Letter-Options-chromium\video.webm
    ────────────────────────────────────────────────────────────────────────────────────────────────

    Error Context: ..\test-results\verifyCaseListOptions-Veri-cfab4-erify-Review-Letter-Options-chromium\error-context.md
]]>
</failure>
<system-out>
<![CDATA[
[[ATTACHMENT|test-results\verifyCaseListOptions-Veri-cfab4-erify-Review-Letter-Options-chromium\test-failed-1.png]]

[[ATTACHMENT|test-results\verifyCaseListOptions-Veri-cfab4-erify-Review-Letter-Options-chromium\video.webm]]

[[ATTACHMENT|test-results\verifyCaseListOptions-Veri-cfab4-erify-Review-Letter-Options-chromium\error-context.md]]
]]>
</system-out>
</testcase>
<testcase name="Verify Case List Options › Verify Review Settlement Information Options" classname="verifyCaseListOptions.spec.js" time="25.303">
<failure message="verifyCaseListOptions.spec.js:59:5 Verify Review Settlement Information Options" type="FAILURE">
<![CDATA[  [chromium] › verifyCaseListOptions.spec.js:59:5 › Verify Case List Options › Verify Review Settlement Information Options 

    Error: expect(locator).toBeVisible() failed

    Locator: getByRole('button', { name: 'PD Ratings' })
    Expected: visible
    Timeout: 5000ms
    Error: element(s) not found

    Call log:
      - Expect "toBeVisible" with timeout 5000ms
      - waiting for getByRole('button', { name: 'PD Ratings' })


       at ..\pages\case\CaseTabs.js:46

      44 |
      45 |   async verifyTabLoaded(tabName) {
    > 46 |     await expect(this.sections[tabName]).toBeVisible();
         |                                          ^
      47 |     // await expect(this.page.url()).toContain(this.routes[tabName]);
      48 |   }
      49 | }
        at CaseTabs.verifyTabLoaded (D:\Aeliuscase-Smoke-Automation\Aeliuscase-Smoke-Automation\pages\case\CaseTabs.js:46:42)
        at D:\Aeliuscase-Smoke-Automation\Aeliuscase-Smoke-Automation\tests\verifyCaseListOptions.spec.js:65:37

    attachment #1: screenshot (image/png) ──────────────────────────────────────────────────────────
    ..\test-results\verifyCaseListOptions-Veri-40890-tlement-Information-Options-chromium\test-failed-1.png
    ────────────────────────────────────────────────────────────────────────────────────────────────

    attachment #2: video (video/webm) ──────────────────────────────────────────────────────────────
    ..\test-results\verifyCaseListOptions-Veri-40890-tlement-Information-Options-chromium\video.webm
    ────────────────────────────────────────────────────────────────────────────────────────────────

    Error Context: ..\test-results\verifyCaseListOptions-Veri-40890-tlement-Information-Options-chromium\error-context.md
]]>
</failure>
<system-out>
<![CDATA[
[[ATTACHMENT|test-results\verifyCaseListOptions-Veri-40890-tlement-Information-Options-chromium\test-failed-1.png]]

[[ATTACHMENT|test-results\verifyCaseListOptions-Veri-40890-tlement-Information-Options-chromium\video.webm]]

[[ATTACHMENT|test-results\verifyCaseListOptions-Veri-40890-tlement-Information-Options-chromium\error-context.md]]
]]>
</system-out>
</testcase>
</testsuite>
<testsuite name="verifyEventListLoads.spec.js" timestamp="2026-02-19T11:26:43.888Z" hostname="chromium" tests="4" failures="1" skipped="0" time="48.486" errors="0">
<testcase name="Verify Event Tile list loads › Verify Event Tile list loads" classname="verifyEventListLoads.spec.js" time="3.883">
<failure message="verifyEventListLoads.spec.js:11:5 Verify Event Tile list loads" type="FAILURE">
<![CDATA[  [chromium] › verifyEventListLoads.spec.js:11:5 › Verify Event Tile list loads › Verify Event Tile list loads 

    ReferenceError: routes is not defined

       at ..\pages\FirmDashboardPage.js:118

      116 |
      117 |     async verifyTilesLoads(apiUrl) {
    > 118 |         await this.gotoAndWaitForAPI(routes.dashboard, apiUrl);
          |                                      ^
      119 |     }
      120 |
      121 |     async verifyCaseInTileList() {
        at FirmDashboardPage.verifyTilesLoads (D:\Aeliuscase-Smoke-Automation\Aeliuscase-Smoke-Automation\pages\FirmDashboardPage.js:118:38)
        at D:\Aeliuscase-Smoke-Automation\Aeliuscase-Smoke-Automation\tests\verifyEventListLoads.spec.js:13:33

    attachment #1: screenshot (image/png) ──────────────────────────────────────────────────────────
    ..\test-results\verifyEventListLoads-Verif-5e181-erify-Event-Tile-list-loads-chromium\test-failed-1.png
    ────────────────────────────────────────────────────────────────────────────────────────────────

    attachment #2: video (video/webm) ──────────────────────────────────────────────────────────────
    ..\test-results\verifyEventListLoads-Verif-5e181-erify-Event-Tile-list-loads-chromium\video.webm
    ────────────────────────────────────────────────────────────────────────────────────────────────
]]>
</failure>
<system-out>
<![CDATA[
[[ATTACHMENT|test-results\verifyEventListLoads-Verif-5e181-erify-Event-Tile-list-loads-chromium\test-failed-1.png]]

[[ATTACHMENT|test-results\verifyEventListLoads-Verif-5e181-erify-Event-Tile-list-loads-chromium\video.webm]]
]]>
</system-out>
</testcase>
<testcase name="Verify Firm Event List loads › Verify Firm Event List loads" classname="verifyEventListLoads.spec.js" time="13.295">
</testcase>
<testcase name="Verify Case Event List loads › Verify Case Event List loads" classname="verifyEventListLoads.spec.js" time="13.537">
</testcase>
<testcase name="Verify Case Event Tile loads › Verify Case Event Tile loads @smoke" classname="verifyEventListLoads.spec.js" time="17.771">
</testcase>
</testsuite>
<testsuite name="verifyNoteListLoads.spec.js" timestamp="2026-02-19T11:26:43.888Z" hostname="chromium" tests="3" failures="0" skipped="0" time="47.689" errors="0">
<testcase name="Verify Note List loads › Verify Case Note List loads @smoke" classname="verifyNoteListLoads.spec.js" time="13.621">
</testcase>
<testcase name="Verify Note List loads › Verify Case Note Tile loads @smoke" classname="verifyNoteListLoads.spec.js" time="16.773">
</testcase>
<testcase name="Verify Note List loads › Verify Case Quick Note Tile loads @smoke" classname="verifyNoteListLoads.spec.js" time="17.295">
</testcase>
</testsuite>
<testsuite name="verifyRecentCasesPrint.spec.js" timestamp="2026-02-19T11:26:43.888Z" hostname="chromium" tests="1" failures="0" skipped="0" time="29.526" errors="0">
<testcase name="Verify Recent Cases Print › Verify Recent Cases Print" classname="verifyRecentCasesPrint.spec.js" time="29.526">
</testcase>
</testsuite>
<testsuite name="verifyTaskListLoads.spec.js" timestamp="2026-02-19T11:26:43.888Z" hostname="chromium" tests="4" failures="1" skipped="0" time="50.063" errors="0">
<testcase name="Verify Task list loads › Verify Firm Dashboard Task Tile loads @smoke" classname="verifyTaskListLoads.spec.js" time="3.673">
<failure message="verifyTaskListLoads.spec.js:12:5 Verify Firm Dashboard Task Tile loads @smoke" type="FAILURE">
<![CDATA[  [chromium] › verifyTaskListLoads.spec.js:12:5 › Verify Task list loads › Verify Firm Dashboard Task Tile loads @smoke 

    ReferenceError: routes is not defined

       at ..\pages\FirmDashboardPage.js:118

      116 |
      117 |     async verifyTilesLoads(apiUrl) {
    > 118 |         await this.gotoAndWaitForAPI(routes.dashboard, apiUrl);
          |                                      ^
      119 |     }
      120 |
      121 |     async verifyCaseInTileList() {
        at FirmDashboardPage.verifyTilesLoads (D:\Aeliuscase-Smoke-Automation\Aeliuscase-Smoke-Automation\pages\FirmDashboardPage.js:118:38)
        at D:\Aeliuscase-Smoke-Automation\Aeliuscase-Smoke-Automation\tests\verifyTaskListLoads.spec.js:14:33

    attachment #1: screenshot (image/png) ──────────────────────────────────────────────────────────
    ..\test-results\verifyTaskListLoads-Verify-e6732-board-Task-Tile-loads-smoke-chromium\test-failed-1.png
    ────────────────────────────────────────────────────────────────────────────────────────────────

    attachment #2: video (video/webm) ──────────────────────────────────────────────────────────────
    ..\test-results\verifyTaskListLoads-Verify-e6732-board-Task-Tile-loads-smoke-chromium\video.webm
    ────────────────────────────────────────────────────────────────────────────────────────────────
]]>
</failure>
<system-out>
<![CDATA[
[[ATTACHMENT|test-results\verifyTaskListLoads-Verify-e6732-board-Task-Tile-loads-smoke-chromium\test-failed-1.png]]

[[ATTACHMENT|test-results\verifyTaskListLoads-Verify-e6732-board-Task-Tile-loads-smoke-chromium\video.webm]]
]]>
</system-out>
</testcase>
<testcase name="Verify Task list loads › Verify Firm Task List loads @smoke" classname="verifyTaskListLoads.spec.js" time="13.781">
</testcase>
<testcase name="Verify Task list loads › Verify Case Dashboard Task Tile loads @smoke" classname="verifyTaskListLoads.spec.js" time="18.171">
</testcase>
<testcase name="Verify Task list loads › Verify Case Task List loads @smoke" classname="verifyTaskListLoads.spec.js" time="14.438">
</testcase>
</testsuite>
<testsuite name="viewTask.spec.js" timestamp="2026-02-19T11:26:43.888Z" hostname="chromium" tests="4" failures="0" skipped="0" time="81.315" errors="0">
<testcase name="View Task › View Task From Firm Dashboard" classname="viewTask.spec.js" time="19.744">
</testcase>
<testcase name="View Task › View Task From Firm Task List" classname="viewTask.spec.js" time="19.236">
</testcase>
<testcase name="View Task › View Task From Case Dashboard" classname="viewTask.spec.js" time="21.22">
</testcase>
<testcase name="View Task › View Task From Case Task List @smoke" classname="viewTask.spec.js" time="21.115">
</testcase>
</testsuite>
</testsuites>